{"contracts/core/Pool.sol":{"l":{"20":0,"21":0,"25":0,"29":0,"33":0,"46":0,"47":0,"58":0},"path":"/Users/mikhail/Coding/jucifi/contracts/core/Pool.sol","s":{"1":0,"2":0,"3":0,"4":0,"5":0,"6":0},"b":{"1":[0,0],"2":[0,0]},"f":{"1":0,"2":0,"3":0,"4":0,"5":0},"fnMap":{"1":{"name":"onlyAmountGreaterThanZero","line":19,"loc":{"start":{"line":19,"column":4},"end":{"line":22,"column":4}}},"2":{"name":"onlyOwner","line":24,"loc":{"start":{"line":24,"column":4},"end":{"line":30,"column":4}}},"3":{"name":"constructor","line":32,"loc":{"start":{"line":32,"column":4},"end":{"line":34,"column":4}}},"4":{"name":"deposit","line":44,"loc":{"start":{"line":36,"column":4},"end":{"line":49,"column":4}}},"5":{"name":"requireAmountGreaterThanZeroInternal","line":54,"loc":{"start":{"line":54,"column":4},"end":{"line":59,"column":4}}}},"statementMap":{"1":{"start":{"line":20,"column":8},"end":{"line":20,"column":52}},"2":{"start":{"line":25,"column":8},"end":{"line":25,"column":647}},"3":{"start":{"line":33,"column":8},"end":{"line":33,"column":60}},"4":{"start":{"line":46,"column":8},"end":{"line":46,"column":80}},"5":{"start":{"line":47,"column":8},"end":{"line":47,"column":42}},"6":{"start":{"line":58,"column":8},"end":{"line":58,"column":60}}},"branchMap":{"1":{"line":25,"type":"if","locations":[{"start":{"line":25,"column":8},"end":{"line":25,"column":8}},{"start":{"line":25,"column":8},"end":{"line":25,"column":8}}]},"2":{"line":58,"type":"if","locations":[{"start":{"line":58,"column":8},"end":{"line":58,"column":8}},{"start":{"line":58,"column":8},"end":{"line":58,"column":8}}]}}},"contracts/core/ProvidersManager.sol":{"l":{"30":2,"34":1,"43":7,"47":5,"48":5,"50":5,"66":1,"70":1},"path":"/Users/mikhail/Coding/jucifi/contracts/core/ProvidersManager.sol","s":{"1":2,"2":7,"3":5,"4":5,"5":5,"6":1,"7":1},"b":{"1":[1,1],"2":[5,2]},"f":{"1":2,"2":7,"3":1,"4":1},"fnMap":{"1":{"name":"providerHasExist","line":29,"loc":{"start":{"line":29,"column":4},"end":{"line":35,"column":4}}},"2":{"name":"setProvider","line":42,"loc":{"start":{"line":42,"column":4},"end":{"line":51,"column":4}}},"3":{"name":"getProviderOrFail","line":63,"loc":{"start":{"line":60,"column":4},"end":{"line":67,"column":4}}},"4":{"name":"getProvidesList","line":69,"loc":{"start":{"line":69,"column":4},"end":{"line":71,"column":4}}}},"statementMap":{"1":{"start":{"line":30,"column":8},"end":{"line":30,"column":943}},"2":{"start":{"line":43,"column":8},"end":{"line":43,"column":1375}},"3":{"start":{"line":47,"column":8},"end":{"line":47,"column":53}},"4":{"start":{"line":48,"column":8},"end":{"line":48,"column":43}},"5":{"start":{"line":50,"column":8},"end":{"line":50,"column":59}},"6":{"start":{"line":66,"column":8},"end":{"line":66,"column":60}},"7":{"start":{"line":70,"column":8},"end":{"line":70,"column":28}}},"branchMap":{"1":{"line":30,"type":"if","locations":[{"start":{"line":30,"column":8},"end":{"line":30,"column":8}},{"start":{"line":30,"column":8},"end":{"line":30,"column":8}}]},"2":{"line":43,"type":"if","locations":[{"start":{"line":43,"column":8},"end":{"line":43,"column":8}},{"start":{"line":43,"column":8},"end":{"line":43,"column":8}}]}}},"contracts/helpers/AddressStorage.sol":{"l":{"8":0,"12":0},"path":"/Users/mikhail/Coding/jucifi/contracts/helpers/AddressStorage.sol","s":{"1":0,"2":0},"b":{},"f":{"1":0,"2":0},"fnMap":{"1":{"name":"getAddress","line":7,"loc":{"start":{"line":7,"column":4},"end":{"line":9,"column":4}}},"2":{"name":"_setAddress","line":11,"loc":{"start":{"line":11,"column":4},"end":{"line":13,"column":4}}}},"statementMap":{"1":{"start":{"line":8,"column":8},"end":{"line":8,"column":30}},"2":{"start":{"line":12,"column":8},"end":{"line":12,"column":31}}},"branchMap":{}},"contracts/interfaces/ICore.sol":{"l":{},"path":"/Users/mikhail/Coding/jucifi/contracts/interfaces/ICore.sol","s":{},"b":{},"f":{},"fnMap":{},"statementMap":{},"branchMap":{}},"contracts/interfaces/ILendingProvider.sol":{"l":{},"path":"/Users/mikhail/Coding/jucifi/contracts/interfaces/ILendingProvider.sol","s":{},"b":{},"f":{},"fnMap":{},"statementMap":{},"branchMap":{}},"contracts/libraries/CoreLibrary.sol":{"l":{},"path":"/Users/mikhail/Coding/jucifi/contracts/libraries/CoreLibrary.sol","s":{},"b":{},"f":{},"fnMap":{},"statementMap":{},"branchMap":{}},"contracts/mocks/AaveLandingPoolMock.sol":{"l":{"39":2,"40":2,"53":2,"82":2,"84":2,"85":2,"86":2,"87":2,"88":2,"89":2,"90":2,"91":2,"92":2,"109":2,"111":2,"112":2,"113":2,"114":2,"115":2,"125":2,"148":1,"149":1,"150":1,"151":1,"153":1,"154":1,"155":1,"156":1,"158":1,"159":1,"160":1,"161":1,"162":1},"path":"/Users/mikhail/Coding/jucifi/contracts/mocks/AaveLandingPoolMock.sol","s":{"1":2,"2":2,"3":2,"4":2,"5":2,"6":2,"7":2,"8":2,"9":2,"10":2,"11":2,"12":2,"13":2,"14":2,"15":2,"16":2,"17":2,"18":2,"19":2,"20":2,"21":1,"22":1,"23":1,"24":1,"25":1,"26":1,"27":1,"28":1,"29":1,"30":1,"31":1,"32":1,"33":1},"b":{},"f":{"1":2,"2":2,"3":2,"4":0,"5":2,"6":1},"fnMap":{"1":{"name":"addReserve","line":10,"loc":{"start":{"line":10,"column":4},"end":{"line":61,"column":4}}},"2":{"name":"setReserveData","line":63,"loc":{"start":{"line":63,"column":4},"end":{"line":93,"column":4}}},"3":{"name":"setReserveDataAdditional","line":95,"loc":{"start":{"line":95,"column":4},"end":{"line":116,"column":4}}},"4":{"name":"deposit","line":118,"loc":{"start":{"line":118,"column":4},"end":{"line":122,"column":33}}},"5":{"name":"getReserves","line":124,"loc":{"start":{"line":124,"column":4},"end":{"line":126,"column":4}}},"6":{"name":"getReserveData","line":128,"loc":{"start":{"line":128,"column":4},"end":{"line":163,"column":4}}}},"statementMap":{"1":{"start":{"line":39,"column":8},"end":{"line":39,"column":37}},"2":{"start":{"line":40,"column":8},"end":{"line":40,"column":1639}},"3":{"start":{"line":53,"column":8},"end":{"line":53,"column":1997}},"4":{"start":{"line":82,"column":12},"end":{"line":82,"column":3089}},"5":{"start":{"line":84,"column":8},"end":{"line":84,"column":47}},"6":{"start":{"line":85,"column":8},"end":{"line":85,"column":55}},"7":{"start":{"line":86,"column":8},"end":{"line":86,"column":55}},"8":{"start":{"line":87,"column":8},"end":{"line":87,"column":59}},"9":{"start":{"line":88,"column":8},"end":{"line":88,"column":45}},"10":{"start":{"line":89,"column":8},"end":{"line":89,"column":55}},"11":{"start":{"line":90,"column":8},"end":{"line":90,"column":51}},"12":{"start":{"line":91,"column":8},"end":{"line":91,"column":65}},"13":{"start":{"line":92,"column":8},"end":{"line":92,"column":57}},"14":{"start":{"line":109,"column":12},"end":{"line":109,"column":4231}},"15":{"start":{"line":111,"column":8},"end":{"line":111,"column":49}},"16":{"start":{"line":112,"column":8},"end":{"line":112,"column":47}},"17":{"start":{"line":113,"column":8},"end":{"line":113,"column":57}},"18":{"start":{"line":114,"column":8},"end":{"line":114,"column":45}},"19":{"start":{"line":115,"column":8},"end":{"line":115,"column":57}},"20":{"start":{"line":125,"column":8},"end":{"line":125,"column":23}},"21":{"start":{"line":148,"column":8},"end":{"line":148,"column":67}},"22":{"start":{"line":149,"column":8},"end":{"line":149,"column":75}},"23":{"start":{"line":150,"column":8},"end":{"line":150,"column":75}},"24":{"start":{"line":151,"column":8},"end":{"line":151,"column":5711}},"25":{"start":{"line":153,"column":8},"end":{"line":153,"column":65}},"26":{"start":{"line":154,"column":8},"end":{"line":154,"column":75}},"27":{"start":{"line":155,"column":8},"end":{"line":155,"column":71}},"28":{"start":{"line":156,"column":8},"end":{"line":156,"column":6029}},"29":{"start":{"line":158,"column":8},"end":{"line":158,"column":69}},"30":{"start":{"line":159,"column":8},"end":{"line":159,"column":67}},"31":{"start":{"line":160,"column":8},"end":{"line":160,"column":77}},"32":{"start":{"line":161,"column":8},"end":{"line":161,"column":65}},"33":{"start":{"line":162,"column":8},"end":{"line":162,"column":77}}},"branchMap":{}},"contracts/providers/aave-protocol/ILendingPool.sol":{"l":{},"path":"/Users/mikhail/Coding/jucifi/contracts/providers/aave-protocol/ILendingPool.sol","s":{},"b":{},"f":{},"fnMap":{},"statementMap":{},"branchMap":{}},"contracts/providers/aave-protocol/ILendingPoolCore.sol":{"l":{},"path":"/Users/mikhail/Coding/jucifi/contracts/providers/aave-protocol/ILendingPoolCore.sol","s":{},"b":{},"f":{},"fnMap":{},"statementMap":{},"branchMap":{}},"contracts/providers/AaveProvider.sol":{"l":{"20":0,"21":0,"30":0,"34":0,"37":0,"40":0,"46":0,"50":0,"54":0,"77":0},"path":"/Users/mikhail/Coding/jucifi/contracts/providers/AaveProvider.sol","s":{"1":0,"2":0,"3":0,"4":0,"5":0,"6":0,"7":0,"8":0,"9":0,"10":0},"b":{},"f":{"1":0,"2":0,"3":0,"4":0,"5":0,"6":0,"7":0},"fnMap":{"1":{"name":"constructor","line":17,"loc":{"start":{"line":17,"column":4},"end":{"line":22,"column":4}}},"2":{"name":"deposit","line":24,"loc":{"start":{"line":24,"column":4},"end":{"line":41,"column":4}}},"3":{"name":"withdraw","line":43,"loc":{"start":{"line":43,"column":4},"end":{"line":43,"column":76}}},"4":{"name":"getReserves","line":45,"loc":{"start":{"line":45,"column":4},"end":{"line":47,"column":4}}},"5":{"name":"getLendingPool","line":49,"loc":{"start":{"line":49,"column":4},"end":{"line":51,"column":4}}},"6":{"name":"getLendingPoolCore","line":53,"loc":{"start":{"line":53,"column":4},"end":{"line":55,"column":4}}},"7":{"name":"getReserveData","line":57,"loc":{"start":{"line":57,"column":4},"end":{"line":78,"column":4}}}},"statementMap":{"1":{"start":{"line":20,"column":8},"end":{"line":20,"column":47}},"2":{"start":{"line":21,"column":8},"end":{"line":21,"column":55}},"3":{"start":{"line":30,"column":8},"end":{"line":30,"column":840}},"4":{"start":{"line":34,"column":8},"end":{"line":34,"column":27}},"5":{"start":{"line":37,"column":8},"end":{"line":37,"column":66}},"6":{"start":{"line":40,"column":8},"end":{"line":40,"column":60}},"7":{"start":{"line":46,"column":8},"end":{"line":46,"column":45}},"8":{"start":{"line":50,"column":8},"end":{"line":50,"column":47}},"9":{"start":{"line":54,"column":8},"end":{"line":54,"column":55}},"10":{"start":{"line":77,"column":8},"end":{"line":77,"column":63}}},"branchMap":{}},"contracts/providers/AbstractProvider.sol":{"l":{"12":0},"path":"/Users/mikhail/Coding/jucifi/contracts/providers/AbstractProvider.sol","s":{"1":0},"b":{},"f":{"1":0},"fnMap":{"1":{"name":"constructor","line":11,"loc":{"start":{"line":11,"column":4},"end":{"line":13,"column":4}}}},"statementMap":{"1":{"start":{"line":12,"column":8},"end":{"line":12,"column":19}}},"branchMap":{}}}