{
"contracts/core/Core.sol":{"l":{},"path":"/Users/mikhail/Coding/jucifi/contracts/core/Core.sol","s":{},"b":{},"f":{},"fnMap":{},"statementMap":{},"branchMap":{}},
"contracts/core/ILendingProvider.sol":{"l":{},"path":"/Users/mikhail/Coding/jucifi/contracts/core/ILendingProvider.sol","s":{},"b":{},"f":{},"fnMap":{},"statementMap":{},"branchMap":{}},
"contracts/lib/AddressStorage.sol":{"l":{"8":27,"9":27,"10":27,"14":31},"path":"/Users/mikhail/Coding/jucifi/contracts/lib/AddressStorage.sol","s":{"1":27,"2":27,"3":27,"4":31},"b":{"1":[27,0]},"f":{"1":27,"2":31},"fnMap":{"1":{"name":"getAddress","line":7,"loc":{"start":{"line":7,"column":4},"end":{"line":11,"column":4}}},"2":{"name":"_setAddress","line":13,"loc":{"start":{"line":13,"column":4},"end":{"line":15,"column":4}}}},"statementMap":{"1":{"start":{"line":8,"column":8},"end":{"line":8,"column":40}},"2":{"start":{"line":9,"column":8},"end":{"line":9,"column":73}},"3":{"start":{"line":10,"column":8},"end":{"line":10,"column":21}},"4":{"start":{"line":14,"column":8},"end":{"line":14,"column":31}}},"branchMap":{"1":{"line":9,"type":"if","locations":[{"start":{"line":9,"column":8},"end":{"line":9,"column":8}},{"start":{"line":9,"column":8},"end":{"line":9,"column":8}}]}}},
"contracts/lib/ERC20.sol":{"l":{"58":20,"59":20,"60":20,"67":0,"75":0,"92":0,"99":0,"112":8,"129":12,"130":12,"143":0,"159":11,"160":11,"180":10,"181":10,"189":10,"209":0,"214":0,"236":0,"244":0,"266":22,"267":22,"269":22,"271":22,"275":22,"276":22,"289":10,"291":10,"293":10,"294":10,"295":10,"310":2,"312":2,"314":2,"318":2,"319":2,"340":21,"341":21,"343":21,"344":21,"355":0},"path":"/Users/mikhail/Coding/jucifi/contracts/lib/ERC20.sol","s":{"1":20,"2":20,"3":20,"4":0,"5":0,"6":0,"7":0,"8":8,"9":12,"10":12,"11":0,"12":11,"13":11,"14":10,"15":10,"16":10,"17":0,"18":0,"19":0,"20":0,"21":22,"22":22,"23":22,"24":22,"25":22,"26":22,"27":10,"28":10,"29":10,"30":10,"31":10,"32":2,"33":2,"34":2,"35":2,"36":2,"37":21,"38":21,"39":21,"40":21,"41":0},"b":{"1":[22,0],"2":[22,0],"3":[10,0],"4":[2,0],"5":[21,0],"6":[21,0]},"f":{"1":20,"2":0,"3":0,"4":0,"5":0,"6":8,"7":12,"8":0,"9":11,"10":10,"11":0,"12":0,"13":22,"14":10,"15":2,"16":21,"17":0,"18":34},"fnMap":{"1":{"name":"constructor","line":57,"loc":{"start":{"line":57,"column":2},"end":{"line":61,"column":2}}},"2":{"name":"name","line":66,"loc":{"start":{"line":66,"column":2},"end":{"line":68,"column":2}}},"3":{"name":"symbol","line":74,"loc":{"start":{"line":74,"column":2},"end":{"line":76,"column":2}}},"4":{"name":"decimals","line":91,"loc":{"start":{"line":91,"column":2},"end":{"line":93,"column":2}}},"5":{"name":"totalSupply","line":98,"loc":{"start":{"line":98,"column":2},"end":{"line":100,"column":2}}},"6":{"name":"balanceOf","line":105,"loc":{"start":{"line":105,"column":2},"end":{"line":113,"column":2}}},"7":{"name":"transfer","line":123,"loc":{"start":{"line":123,"column":2},"end":{"line":131,"column":2}}},"8":{"name":"allowance","line":136,"loc":{"start":{"line":136,"column":2},"end":{"line":144,"column":2}}},"9":{"name":"approve","line":153,"loc":{"start":{"line":153,"column":2},"end":{"line":161,"column":2}}},"10":{"name":"transferFrom","line":175,"loc":{"start":{"line":175,"column":2},"end":{"line":190,"column":2}}},"11":{"name":"increaseAllowance","line":204,"loc":{"start":{"line":204,"column":2},"end":{"line":215,"column":2}}},"12":{"name":"decreaseAllowance","line":231,"loc":{"start":{"line":231,"column":2},"end":{"line":245,"column":2}}},"13":{"name":"_transfer","line":261,"loc":{"start":{"line":261,"column":2},"end":{"line":277,"column":2}}},"14":{"name":"_mint","line":288,"loc":{"start":{"line":288,"column":2},"end":{"line":296,"column":2}}},"15":{"name":"_burn","line":309,"loc":{"start":{"line":309,"column":2},"end":{"line":320,"column":2}}},"16":{"name":"_approve","line":335,"loc":{"start":{"line":335,"column":2},"end":{"line":345,"column":2}}},"17":{"name":"_setupDecimals","line":354,"loc":{"start":{"line":354,"column":2},"end":{"line":356,"column":2}}},"18":{"name":"_beforeTokenTransfer","line":372,"loc":{"start":{"line":372,"column":2},"end":{"line":376,"column":22}}}},"statementMap":{"1":{"start":{"line":58,"column":4},"end":{"line":58,"column":15}},"2":{"start":{"line":59,"column":4},"end":{"line":59,"column":19}},"3":{"start":{"line":60,"column":4},"end":{"line":60,"column":17}},"4":{"start":{"line":67,"column":4},"end":{"line":67,"column":16}},"5":{"start":{"line":75,"column":4},"end":{"line":75,"column":18}},"6":{"start":{"line":92,"column":4},"end":{"line":92,"column":20}},"7":{"start":{"line":99,"column":4},"end":{"line":99,"column":23}},"8":{"start":{"line":112,"column":4},"end":{"line":112,"column":29}},"9":{"start":{"line":129,"column":4},"end":{"line":129,"column":45}},"10":{"start":{"line":130,"column":4},"end":{"line":130,"column":15}},"11":{"start":{"line":143,"column":4},"end":{"line":143,"column":38}},"12":{"start":{"line":159,"column":4},"end":{"line":159,"column":42}},"13":{"start":{"line":160,"column":4},"end":{"line":160,"column":15}},"14":{"start":{"line":180,"column":4},"end":{"line":180,"column":39}},"15":{"start":{"line":181,"column":4},"end":{"line":181,"column":4996}},"16":{"start":{"line":189,"column":4},"end":{"line":189,"column":15}},"17":{"start":{"line":209,"column":4},"end":{"line":209,"column":5670}},"18":{"start":{"line":214,"column":4},"end":{"line":214,"column":15}},"19":{"start":{"line":236,"column":4},"end":{"line":236,"column":6375}},"20":{"start":{"line":244,"column":4},"end":{"line":244,"column":15}},"21":{"start":{"line":266,"column":4},"end":{"line":266,"column":73}},"22":{"start":{"line":267,"column":4},"end":{"line":267,"column":74}},"23":{"start":{"line":269,"column":4},"end":{"line":269,"column":50}},"24":{"start":{"line":271,"column":4},"end":{"line":271,"column":7335}},"25":{"start":{"line":275,"column":4},"end":{"line":275,"column":58}},"26":{"start":{"line":276,"column":4},"end":{"line":276,"column":44}},"27":{"start":{"line":289,"column":4},"end":{"line":289,"column":68}},"28":{"start":{"line":291,"column":4},"end":{"line":291,"column":52}},"29":{"start":{"line":293,"column":4},"end":{"line":293,"column":42}},"30":{"start":{"line":294,"column":4},"end":{"line":294,"column":54}},"31":{"start":{"line":295,"column":4},"end":{"line":295,"column":46}},"32":{"start":{"line":310,"column":4},"end":{"line":310,"column":70}},"33":{"start":{"line":312,"column":4},"end":{"line":312,"column":52}},"34":{"start":{"line":314,"column":4},"end":{"line":314,"column":8650}},"35":{"start":{"line":318,"column":4},"end":{"line":318,"column":42}},"36":{"start":{"line":319,"column":4},"end":{"line":319,"column":46}},"37":{"start":{"line":340,"column":4},"end":{"line":340,"column":71}},"38":{"start":{"line":341,"column":4},"end":{"line":341,"column":71}},"39":{"start":{"line":343,"column":4},"end":{"line":343,"column":39}},"40":{"start":{"line":344,"column":4},"end":{"line":344,"column":41}},"41":{"start":{"line":355,"column":4},"end":{"line":355,"column":24}}},"branchMap":{"1":{"line":266,"type":"if","locations":[{"start":{"line":266,"column":4},"end":{"line":266,"column":4}},{"start":{"line":266,"column":4},"end":{"line":266,"column":4}}]},"2":{"line":267,"type":"if","locations":[{"start":{"line":267,"column":4},"end":{"line":267,"column":4}},{"start":{"line":267,"column":4},"end":{"line":267,"column":4}}]},"3":{"line":289,"type":"if","locations":[{"start":{"line":289,"column":4},"end":{"line":289,"column":4}},{"start":{"line":289,"column":4},"end":{"line":289,"column":4}}]},"4":{"line":310,"type":"if","locations":[{"start":{"line":310,"column":4},"end":{"line":310,"column":4}},{"start":{"line":310,"column":4},"end":{"line":310,"column":4}}]},"5":{"line":340,"type":"if","locations":[{"start":{"line":340,"column":4},"end":{"line":340,"column":4}},{"start":{"line":340,"column":4},"end":{"line":340,"column":4}}]},"6":{"line":341,"type":"if","locations":[{"start":{"line":341,"column":4},"end":{"line":341,"column":4}},{"start":{"line":341,"column":4},"end":{"line":341,"column":4}}]}}},
"contracts/lib/EthAddressLib.sol":{"l":{"11":5},"path":"/Users/mikhail/Coding/jucifi/contracts/lib/EthAddressLib.sol","s":{"1":5},"b":{},"f":{"1":5},"fnMap":{"1":{"name":"ethAddress","line":10,"loc":{"start":{"line":10,"column":4},"end":{"line":12,"column":4}}}},"statementMap":{"1":{"start":{"line":11,"column":8},"end":{"line":11,"column":57}}},"branchMap":{}},
"contracts/lib/IERC20.sol":{"l":{},"path":"/Users/mikhail/Coding/jucifi/contracts/lib/IERC20.sol","s":{},"b":{},"f":{},"fnMap":{},"statementMap":{},"branchMap":{}},
"contracts/lib/SafeERC20.sol":{"l":{"22":6,"26":10,"41":0,"44":0,"48":0,"49":0,"53":0,"54":0,"68":16,"69":16,"71":16},"path":"/Users/mikhail/Coding/jucifi/contracts/lib/SafeERC20.sol","s":{"1":6,"2":10,"3":0,"4":0,"5":0,"6":0,"7":0,"8":0,"9":16,"10":16,"11":16},"b":{"1":[0,0],"2":[16,0],"3":[16,0]},"f":{"1":6,"2":10,"3":0,"4":0,"5":0,"6":16},"fnMap":{"1":{"name":"safeTransfer","line":21,"loc":{"start":{"line":21,"column":4},"end":{"line":23,"column":4}}},"2":{"name":"safeTransferFrom","line":25,"loc":{"start":{"line":25,"column":4},"end":{"line":27,"column":4}}},"3":{"name":"safeApprove","line":36,"loc":{"start":{"line":36,"column":4},"end":{"line":45,"column":4}}},"4":{"name":"safeIncreaseAllowance","line":47,"loc":{"start":{"line":47,"column":4},"end":{"line":50,"column":4}}},"5":{"name":"safeDecreaseAllowance","line":52,"loc":{"start":{"line":52,"column":4},"end":{"line":55,"column":4}}},"6":{"name":"_callOptionalReturn","line":63,"loc":{"start":{"line":63,"column":4},"end":{"line":73,"column":4}}}},"statementMap":{"1":{"start":{"line":22,"column":8},"end":{"line":22,"column":93}},"2":{"start":{"line":26,"column":8},"end":{"line":26,"column":103}},"3":{"start":{"line":41,"column":8},"end":{"line":41,"column":1757}},"4":{"start":{"line":44,"column":8},"end":{"line":44,"column":97}},"5":{"start":{"line":48,"column":8},"end":{"line":48,"column":81}},"6":{"start":{"line":49,"column":8},"end":{"line":49,"column":104}},"7":{"start":{"line":53,"column":8},"end":{"line":53,"column":126}},"8":{"start":{"line":54,"column":8},"end":{"line":54,"column":104}},"9":{"start":{"line":68,"column":8},"end":{"line":68,"column":103}},"10":{"start":{"line":69,"column":8},"end":{"line":69,"column":3544}},"11":{"start":{"line":71,"column":12},"end":{"line":71,"column":96}}},"branchMap":{"1":{"line":41,"type":"if","locations":[{"start":{"line":41,"column":8},"end":{"line":41,"column":8}},{"start":{"line":41,"column":8},"end":{"line":41,"column":8}}]},"2":{"line":69,"type":"if","locations":[{"start":{"line":69,"column":8},"end":{"line":69,"column":8}},{"start":{"line":69,"column":8},"end":{"line":69,"column":8}}]},"3":{"line":71,"type":"if","locations":[{"start":{"line":71,"column":12},"end":{"line":71,"column":12}},{"start":{"line":71,"column":12},"end":{"line":71,"column":12}}]}}},
"contracts/lib/WadRayMath.sol":{"l":{"24":0,"27":0,"31":0,"35":0,"39":0,"43":0,"45":0,"49":0,"53":0,"55":0,"59":0,"61":0,"65":0,"75":0,"77":0,"78":0,"80":0,"81":0},"path":"/Users/mikhail/Coding/jucifi/contracts/lib/WadRayMath.sol","s":{"1":0,"2":0,"3":0,"4":0,"5":0,"6":0,"7":0,"8":0,"9":0,"10":0,"11":0,"12":0,"13":0,"14":0,"15":0,"16":0,"17":0,"18":0},"b":{"1":[0,0]},"f":{"1":0,"2":0,"3":0,"4":0,"5":0,"6":0,"7":0,"8":0,"9":0,"10":0,"11":0},"fnMap":{"1":{"name":"ray","line":23,"loc":{"start":{"line":23,"column":4},"end":{"line":25,"column":4}}},"2":{"name":"wad","line":26,"loc":{"start":{"line":26,"column":4},"end":{"line":28,"column":4}}},"3":{"name":"halfRay","line":30,"loc":{"start":{"line":30,"column":4},"end":{"line":32,"column":4}}},"4":{"name":"halfWad","line":34,"loc":{"start":{"line":34,"column":4},"end":{"line":36,"column":4}}},"5":{"name":"wadMul","line":38,"loc":{"start":{"line":38,"column":4},"end":{"line":40,"column":4}}},"6":{"name":"wadDiv","line":42,"loc":{"start":{"line":42,"column":4},"end":{"line":46,"column":4}}},"7":{"name":"rayMul","line":48,"loc":{"start":{"line":48,"column":4},"end":{"line":50,"column":4}}},"8":{"name":"rayDiv","line":52,"loc":{"start":{"line":52,"column":4},"end":{"line":56,"column":4}}},"9":{"name":"rayToWad","line":58,"loc":{"start":{"line":58,"column":4},"end":{"line":62,"column":4}}},"10":{"name":"wadToRay","line":64,"loc":{"start":{"line":64,"column":4},"end":{"line":66,"column":4}}},"11":{"name":"rayPow","line":73,"loc":{"start":{"line":73,"column":4},"end":{"line":84,"column":4}}}},"statementMap":{"1":{"start":{"line":24,"column":8},"end":{"line":24,"column":18}},"2":{"start":{"line":27,"column":8},"end":{"line":27,"column":18}},"3":{"start":{"line":31,"column":8},"end":{"line":31,"column":22}},"4":{"start":{"line":35,"column":8},"end":{"line":35,"column":22}},"5":{"start":{"line":39,"column":8},"end":{"line":39,"column":45}},"6":{"start":{"line":43,"column":8},"end":{"line":43,"column":29}},"7":{"start":{"line":45,"column":8},"end":{"line":45,"column":43}},"8":{"start":{"line":49,"column":8},"end":{"line":49,"column":45}},"9":{"start":{"line":53,"column":8},"end":{"line":53,"column":29}},"10":{"start":{"line":55,"column":8},"end":{"line":55,"column":43}},"11":{"start":{"line":59,"column":8},"end":{"line":59,"column":45}},"12":{"start":{"line":61,"column":8},"end":{"line":61,"column":50}},"13":{"start":{"line":65,"column":8},"end":{"line":65,"column":35}},"14":{"start":{"line":75,"column":8},"end":{"line":75,"column":31}},"15":{"start":{"line":77,"column":8},"end":{"line":77,"column":2075}},"16":{"start":{"line":78,"column":12},"end":{"line":78,"column":27}},"17":{"start":{"line":80,"column":12},"end":{"line":80,"column":2153}},"18":{"start":{"line":81,"column":16},"end":{"line":81,"column":31}}},"branchMap":{"1":{"line":80,"type":"if","locations":[{"start":{"line":80,"column":12},"end":{"line":80,"column":12}},{"start":{"line":80,"column":12},"end":{"line":80,"column":12}}]}}},
"contracts/mocks/AaveLendingPoolMock.sol":{"l":{"68":17,"89":5,"91":5,"92":5,"94":5,"110":3,"118":3,"119":3,"120":3,"122":3,"136":0,"137":0,"141":0,"143":0,"148":0,"150":0,"152":0,"153":0,"188":24,"189":24,"202":24,"215":24,"216":17,"238":24,"239":24,"240":24,"241":24,"242":24,"243":24,"244":24,"245":24,"246":24,"247":24,"263":24,"264":24,"265":24,"266":24,"267":24,"268":24,"272":2,"295":22,"296":22,"297":22,"298":22,"299":22,"300":22,"301":22,"302":22,"304":22,"305":22,"306":22,"307":22,"308":22},"path":"/Users/mikhail/Coding/jucifi/contracts/mocks/AaveLendingPoolMock.sol","s":{"1":17,"2":5,"3":5,"4":5,"5":5,"6":3,"7":3,"8":3,"9":3,"10":3,"11":0,"12":0,"13":0,"14":0,"15":0,"16":0,"17":0,"18":0,"19":24,"20":24,"21":24,"22":24,"23":17,"24":24,"25":24,"26":24,"27":24,"28":24,"29":24,"30":24,"31":24,"32":24,"33":24,"34":24,"35":24,"36":24,"37":24,"38":24,"39":24,"40":2,"41":22,"42":22,"43":22,"44":22,"45":22,"46":22,"47":22,"48":22,"49":22,"50":22,"51":22,"52":22,"53":22},"b":{"1":[3,0],"2":[0,0],"3":[0,0],"4":[0,0],"5":[0,0],"6":[0,0],"7":[17,7]},"f":{"1":17,"2":5,"3":3,"4":0,"5":24,"6":24,"7":24,"8":24,"9":2,"10":22},"fnMap":{"1":{"name":"setMockId","line":67,"loc":{"start":{"line":67,"column":2},"end":{"line":69,"column":2}}},"2":{"name":"deposit","line":71,"loc":{"start":{"line":71,"column":2},"end":{"line":102,"column":2}}},"3":{"name":"redeemUnderlying","line":104,"loc":{"start":{"line":104,"column":2},"end":{"line":123,"column":2}}},"4":{"name":"transferToReserve","line":131,"loc":{"start":{"line":131,"column":2},"end":{"line":156,"column":2}}},"5":{"name":"setReserve","line":158,"loc":{"start":{"line":158,"column":2},"end":{"line":210,"column":2}}},"6":{"name":"addToReserveIfNotExists","line":214,"loc":{"start":{"line":214,"column":2},"end":{"line":218,"column":2}}},"7":{"name":"setReserveData","line":220,"loc":{"start":{"line":220,"column":2},"end":{"line":248,"column":2}}},"8":{"name":"setReserveDataAdditional","line":250,"loc":{"start":{"line":250,"column":2},"end":{"line":269,"column":2}}},"9":{"name":"getReserves","line":271,"loc":{"start":{"line":271,"column":2},"end":{"line":273,"column":2}}},"10":{"name":"getReserveData","line":275,"loc":{"start":{"line":275,"column":2},"end":{"line":309,"column":2}}}},"statementMap":{"1":{"start":{"line":68,"column":4},"end":{"line":68,"column":19}},"2":{"start":{"line":89,"column":4},"end":{"line":89,"column":71}},"3":{"start":{"line":91,"column":4},"end":{"line":91,"column":50}},"4":{"start":{"line":92,"column":4},"end":{"line":92,"column":54}},"5":{"start":{"line":94,"column":4},"end":{"line":94,"column":2832}},"6":{"start":{"line":110,"column":4},"end":{"line":110,"column":3132}},"7":{"start":{"line":118,"column":4},"end":{"line":118,"column":47}},"8":{"start":{"line":119,"column":4},"end":{"line":119,"column":50}},"9":{"start":{"line":120,"column":4},"end":{"line":120,"column":54}},"10":{"start":{"line":122,"column":4},"end":{"line":122,"column":70}},"11":{"start":{"line":136,"column":4},"end":{"line":136,"column":3956}},"12":{"start":{"line":137,"column":6},"end":{"line":137,"column":4010}},"13":{"start":{"line":141,"column":6},"end":{"line":141,"column":68}},"14":{"start":{"line":143,"column":6},"end":{"line":143,"column":4203}},"15":{"start":{"line":148,"column":6},"end":{"line":148,"column":4322}},"16":{"start":{"line":150,"column":8},"end":{"line":150,"column":53}},"17":{"start":{"line":152,"column":8},"end":{"line":152,"column":71}},"18":{"start":{"line":153,"column":8},"end":{"line":153,"column":48}},"19":{"start":{"line":188,"column":4},"end":{"line":188,"column":43}},"20":{"start":{"line":189,"column":4},"end":{"line":189,"column":5906}},"21":{"start":{"line":202,"column":4},"end":{"line":202,"column":6196}},"22":{"start":{"line":215,"column":4},"end":{"line":215,"column":6520}},"23":{"start":{"line":216,"column":6},"end":{"line":216,"column":28}},"24":{"start":{"line":238,"column":4},"end":{"line":238,"column":62}},"25":{"start":{"line":239,"column":4},"end":{"line":239,"column":43}},"26":{"start":{"line":240,"column":4},"end":{"line":240,"column":51}},"27":{"start":{"line":241,"column":4},"end":{"line":241,"column":51}},"28":{"start":{"line":242,"column":4},"end":{"line":242,"column":55}},"29":{"start":{"line":243,"column":4},"end":{"line":243,"column":41}},"30":{"start":{"line":244,"column":4},"end":{"line":244,"column":51}},"31":{"start":{"line":245,"column":4},"end":{"line":245,"column":47}},"32":{"start":{"line":246,"column":4},"end":{"line":246,"column":61}},"33":{"start":{"line":247,"column":4},"end":{"line":247,"column":53}},"34":{"start":{"line":263,"column":4},"end":{"line":263,"column":62}},"35":{"start":{"line":264,"column":4},"end":{"line":264,"column":45}},"36":{"start":{"line":265,"column":4},"end":{"line":265,"column":43}},"37":{"start":{"line":266,"column":4},"end":{"line":266,"column":53}},"38":{"start":{"line":267,"column":4},"end":{"line":267,"column":41}},"39":{"start":{"line":268,"column":4},"end":{"line":268,"column":53}},"40":{"start":{"line":272,"column":4},"end":{"line":272,"column":19}},"41":{"start":{"line":295,"column":4},"end":{"line":295,"column":63}},"42":{"start":{"line":296,"column":4},"end":{"line":296,"column":71}},"43":{"start":{"line":297,"column":4},"end":{"line":297,"column":71}},"44":{"start":{"line":298,"column":4},"end":{"line":298,"column":75}},"45":{"start":{"line":299,"column":4},"end":{"line":299,"column":61}},"46":{"start":{"line":300,"column":4},"end":{"line":300,"column":71}},"47":{"start":{"line":301,"column":4},"end":{"line":301,"column":67}},"48":{"start":{"line":302,"column":4},"end":{"line":302,"column":9874}},"49":{"start":{"line":304,"column":4},"end":{"line":304,"column":65}},"50":{"start":{"line":305,"column":4},"end":{"line":305,"column":63}},"51":{"start":{"line":306,"column":4},"end":{"line":306,"column":73}},"52":{"start":{"line":307,"column":4},"end":{"line":307,"column":61}},"53":{"start":{"line":308,"column":4},"end":{"line":308,"column":73}}},"branchMap":{"1":{"line":110,"type":"if","locations":[{"start":{"line":110,"column":4},"end":{"line":110,"column":4}},{"start":{"line":110,"column":4},"end":{"line":110,"column":4}}]},"2":{"line":136,"type":"if","locations":[{"start":{"line":136,"column":4},"end":{"line":136,"column":4}},{"start":{"line":136,"column":4},"end":{"line":136,"column":4}}]},"3":{"line":137,"type":"if","locations":[{"start":{"line":137,"column":6},"end":{"line":137,"column":6}},{"start":{"line":137,"column":6},"end":{"line":137,"column":6}}]},"4":{"line":143,"type":"if","locations":[{"start":{"line":143,"column":6},"end":{"line":143,"column":6}},{"start":{"line":143,"column":6},"end":{"line":143,"column":6}}]},"5":{"line":148,"type":"if","locations":[{"start":{"line":148,"column":6},"end":{"line":148,"column":6}},{"start":{"line":148,"column":6},"end":{"line":148,"column":6}}]},"6":{"line":153,"type":"if","locations":[{"start":{"line":153,"column":8},"end":{"line":153,"column":8}},{"start":{"line":153,"column":8},"end":{"line":153,"column":8}}]},"7":{"line":215,"type":"if","locations":[{"start":{"line":215,"column":4},"end":{"line":215,"column":4}},{"start":{"line":215,"column":4},"end":{"line":215,"column":4}}]}}},
"contracts/mocks/DAIMock.sol":{"l":{"13":5},"path":"/Users/mikhail/Coding/jucifi/contracts/mocks/DAIMock.sol","s":{"1":5},"b":{},"f":{"1":5,"2":5},"fnMap":{"1":{"name":"constructor","line":9,"loc":{"start":{"line":7,"column":2},"end":{"line":10,"column":3}}},"2":{"name":"mint","line":12,"loc":{"start":{"line":12,"column":2},"end":{"line":14,"column":2}}}},"statementMap":{"1":{"start":{"line":13,"column":4},"end":{"line":13,"column":22}}},"branchMap":{}},
"contracts/providers/aave-protocol/ATokenMock.sol":{"l":{"136":0,"140":0,"144":0,"145":0,"157":10,"159":10,"171":0,"181":0,"193":0,"197":0,"207":0,"208":0,"209":0,"217":3,"227":3,"264":3,"271":3,"290":0,"297":0,"304":0,"306":0,"321":0,"330":0,"337":0,"339":0,"341":0,"342":0,"345":0,"367":0,"378":0,"380":0,"382":0,"383":0,"388":0,"391":0,"401":0,"417":0,"427":0,"429":0,"430":0,"433":0,"451":0,"460":0,"473":0,"483":0,"501":0,"504":0,"506":0,"508":0,"511":0,"531":0,"533":0,"534":0,"538":0,"543":0,"551":0,"554":0,"555":0,"559":0,"579":0,"599":0,"602":0,"610":0,"617":0,"626":0,"633":0,"635":0,"637":0,"638":0,"641":0,"659":0,"661":0,"667":0,"674":0,"682":0,"683":0,"692":0,"693":0,"694":0,"701":0,"705":0,"708":0,"710":0,"730":0,"733":0,"736":0,"737":0,"738":0,"740":0,"749":0},"path":"/Users/mikhail/Coding/jucifi/contracts/providers/aave-protocol/ATokenMock.sol","s":{"1":0,"2":0,"3":10,"4":10,"5":0,"6":0,"7":0,"8":0,"9":0,"10":0,"11":0,"12":3,"13":3,"14":3,"15":3,"16":0,"17":0,"18":0,"19":0,"20":0,"21":0,"22":0,"23":0,"24":0,"25":0,"26":0,"27":0,"28":0,"29":0,"30":0,"31":0,"32":0,"33":0,"34":0,"35":0,"36":0,"37":0,"38":0,"39":0,"40":0,"41":0,"42":0,"43":0,"44":0,"45":0,"46":0,"47":0,"48":0,"49":0,"50":0,"51":0,"52":0,"53":0,"54":0,"55":0,"56":0,"57":0,"58":0,"59":0,"60":0,"61":0,"62":0,"63":0,"64":0,"65":0,"66":0,"67":0,"68":0,"69":0,"70":0,"71":0,"72":0,"73":0,"74":0,"75":0,"76":0,"77":0,"78":0,"79":0,"80":0,"81":0,"82":0,"83":0,"84":0,"85":0,"86":0,"87":0,"88":0},"b":{"1":[0,0],"2":[0,0],"3":[0,0],"4":[0,0],"5":[3,0],"6":[0,0],"7":[0,0],"8":[0,0],"9":[0,0],"10":[0,0],"11":[0,0],"12":[0,0],"13":[0,0],"14":[0,0],"15":[0,0],"16":[0,0],"17":[0,0],"18":[0,0]},"f":{"1":0,"2":0,"3":10,"4":0,"5":0,"6":0,"7":0,"8":3,"9":0,"10":0,"11":0,"12":0,"13":0,"14":0,"15":0,"16":0,"17":0,"18":0,"19":0,"20":0,"21":0,"22":0,"23":0,"24":0,"25":0},"fnMap":{"1":{"name":"onlyLendingPool","line":135,"loc":{"start":{"line":135,"column":2},"end":{"line":141,"column":2}}},"2":{"name":"whenTransferAllowed","line":143,"loc":{"start":{"line":143,"column":2},"end":{"line":146,"column":2}}},"3":{"name":"constructor","line":154,"loc":{"start":{"line":148,"column":2},"end":{"line":160,"column":2}}},"4":{"name":"_transfer","line":170,"loc":{"start":{"line":166,"column":2},"end":{"line":172,"column":2}}},"5":{"name":"redirectInterestStream","line":180,"loc":{"start":{"line":180,"column":2},"end":{"line":182,"column":2}}},"6":{"name":"redirectInterestStreamOf","line":192,"loc":{"start":{"line":192,"column":2},"end":{"line":198,"column":2}}},"7":{"name":"allowInterestRedirectionTo","line":206,"loc":{"start":{"line":206,"column":2},"end":{"line":210,"column":2}}},"8":{"name":"redeem","line":216,"loc":{"start":{"line":216,"column":2},"end":{"line":277,"column":2}}},"9":{"name":"mintOnDeposit","line":287,"loc":{"start":{"line":285,"column":2},"end":{"line":307,"column":2}}},"10":{"name":"burnOnLiquidation","line":318,"loc":{"start":{"line":316,"column":2},"end":{"line":351,"column":2}}},"11":{"name":"transferOnLiquidation","line":364,"loc":{"start":{"line":360,"column":2},"end":{"line":368,"column":2}}},"12":{"name":"balanceOf","line":376,"loc":{"start":{"line":376,"column":2},"end":{"line":408,"column":2}}},"13":{"name":"principalBalanceOf","line":416,"loc":{"start":{"line":416,"column":2},"end":{"line":418,"column":2}}},"14":{"name":"totalSupply","line":426,"loc":{"start":{"line":426,"column":2},"end":{"line":438,"column":2}}},"15":{"name":"isTransferAllowed","line":446,"loc":{"start":{"line":446,"column":2},"end":{"line":452,"column":2}}},"16":{"name":"getUserIndex","line":459,"loc":{"start":{"line":459,"column":2},"end":{"line":461,"column":2}}},"17":{"name":"getInterestRedirectionAddress","line":468,"loc":{"start":{"line":468,"column":2},"end":{"line":474,"column":2}}},"18":{"name":"getRedirectedBalance","line":482,"loc":{"start":{"line":482,"column":2},"end":{"line":484,"column":2}}},"19":{"name":"cumulateBalanceInternal","line":492,"loc":{"start":{"line":492,"column":2},"end":{"line":517,"column":2}}},"20":{"name":"updateRedirectedBalanceOfRedirectionAddressInternal","line":526,"loc":{"start":{"line":526,"column":2},"end":{"line":566,"column":2}}},"21":{"name":"calculateCumulatedBalanceInternal","line":574,"loc":{"start":{"line":574,"column":2},"end":{"line":585,"column":2}}},"22":{"name":"executeTransferInternal","line":594,"loc":{"start":{"line":594,"column":2},"end":{"line":650,"column":2}}},"23":{"name":"redirectInterestStreamInternal","line":658,"loc":{"start":{"line":658,"column":2},"end":{"line":717,"column":2}}},"24":{"name":"resetDataOnZeroBalanceInternal","line":725,"loc":{"start":{"line":725,"column":2},"end":{"line":742,"column":2}}},"25":{"name":"coreGetNormalizedIncome","line":744,"loc":{"start":{"line":744,"column":2},"end":{"line":750,"column":2}}}},"statementMap":{"1":{"start":{"line":136,"column":4},"end":{"line":136,"column":4445}},"2":{"start":{"line":144,"column":4},"end":{"line":144,"column":76}},"3":{"start":{"line":157,"column":4},"end":{"line":157,"column":38}},"4":{"start":{"line":159,"column":4},"end":{"line":159,"column":44}},"5":{"start":{"line":171,"column":4},"end":{"line":171,"column":47}},"6":{"start":{"line":181,"column":4},"end":{"line":181,"column":50}},"7":{"start":{"line":193,"column":4},"end":{"line":193,"column":6509}},"8":{"start":{"line":197,"column":4},"end":{"line":197,"column":45}},"9":{"start":{"line":207,"column":4},"end":{"line":207,"column":70}},"10":{"start":{"line":208,"column":4},"end":{"line":208,"column":50}},"11":{"start":{"line":209,"column":4},"end":{"line":209,"column":61}},"12":{"start":{"line":217,"column":4},"end":{"line":217,"column":59}},"13":{"start":{"line":227,"column":4},"end":{"line":227,"column":36}},"14":{"start":{"line":264,"column":4},"end":{"line":264,"column":8877}},"15":{"start":{"line":271,"column":4},"end":{"line":271,"column":9028}},"16":{"start":{"line":290,"column":4},"end":{"line":290,"column":9567}},"17":{"start":{"line":297,"column":4},"end":{"line":297,"column":9861}},"18":{"start":{"line":304,"column":4},"end":{"line":304,"column":27}},"19":{"start":{"line":306,"column":4},"end":{"line":306,"column":65}},"20":{"start":{"line":321,"column":4},"end":{"line":321,"column":10708}},"21":{"start":{"line":330,"column":4},"end":{"line":330,"column":10907}},"22":{"start":{"line":337,"column":4},"end":{"line":337,"column":26}},"23":{"start":{"line":339,"column":4},"end":{"line":339,"column":31}},"24":{"start":{"line":341,"column":4},"end":{"line":341,"column":11186}},"25":{"start":{"line":342,"column":6},"end":{"line":342,"column":62}},"26":{"start":{"line":345,"column":4},"end":{"line":345,"column":11302}},"27":{"start":{"line":367,"column":4},"end":{"line":367,"column":46}},"28":{"start":{"line":378,"column":4},"end":{"line":378,"column":60}},"29":{"start":{"line":380,"column":4},"end":{"line":380,"column":57}},"30":{"start":{"line":382,"column":4},"end":{"line":382,"column":12669}},"31":{"start":{"line":383,"column":6},"end":{"line":383,"column":14}},"32":{"start":{"line":388,"column":4},"end":{"line":388,"column":12860}},"33":{"start":{"line":391,"column":6},"end":{"line":391,"column":13082}},"34":{"start":{"line":401,"column":6},"end":{"line":401,"column":13466}},"35":{"start":{"line":417,"column":4},"end":{"line":417,"column":33}},"36":{"start":{"line":427,"column":4},"end":{"line":427,"column":56}},"37":{"start":{"line":429,"column":4},"end":{"line":429,"column":14383}},"38":{"start":{"line":430,"column":6},"end":{"line":430,"column":14}},"39":{"start":{"line":433,"column":4},"end":{"line":433,"column":14460}},"40":{"start":{"line":451,"column":4},"end":{"line":451,"column":15}},"41":{"start":{"line":460,"column":4},"end":{"line":460,"column":29}},"42":{"start":{"line":473,"column":4},"end":{"line":473,"column":46}},"43":{"start":{"line":483,"column":4},"end":{"line":483,"column":36}},"44":{"start":{"line":501,"column":4},"end":{"line":501,"column":61}},"45":{"start":{"line":504,"column":4},"end":{"line":504,"column":76}},"46":{"start":{"line":506,"column":4},"end":{"line":506,"column":32}},"47":{"start":{"line":508,"column":4},"end":{"line":508,"column":16837}},"48":{"start":{"line":511,"column":4},"end":{"line":511,"column":16939}},"49":{"start":{"line":531,"column":4},"end":{"line":531,"column":68}},"50":{"start":{"line":533,"column":4},"end":{"line":533,"column":17736}},"51":{"start":{"line":534,"column":6},"end":{"line":534,"column":12}},"52":{"start":{"line":538,"column":4},"end":{"line":538,"column":17852}},"53":{"start":{"line":543,"column":4},"end":{"line":543,"column":18021}},"54":{"start":{"line":551,"column":6},"end":{"line":551,"column":18368}},"55":{"start":{"line":554,"column":4},"end":{"line":554,"column":18414}},"56":{"start":{"line":555,"column":6},"end":{"line":555,"column":18492}},"57":{"start":{"line":559,"column":4},"end":{"line":559,"column":18607}},"58":{"start":{"line":579,"column":4},"end":{"line":579,"column":19179}},"59":{"start":{"line":599,"column":4},"end":{"line":599,"column":74}},"60":{"start":{"line":602,"column":4},"end":{"line":602,"column":19863}},"61":{"start":{"line":610,"column":4},"end":{"line":610,"column":20014}},"62":{"start":{"line":617,"column":4},"end":{"line":617,"column":20286}},"63":{"start":{"line":626,"column":4},"end":{"line":626,"column":20573}},"64":{"start":{"line":633,"column":4},"end":{"line":633,"column":38}},"65":{"start":{"line":635,"column":4},"end":{"line":635,"column":31}},"66":{"start":{"line":637,"column":4},"end":{"line":637,"column":20853}},"67":{"start":{"line":638,"column":6},"end":{"line":638,"column":59}},"68":{"start":{"line":641,"column":4},"end":{"line":641,"column":20963}},"69":{"start":{"line":659,"column":4},"end":{"line":659,"column":75}},"70":{"start":{"line":661,"column":4},"end":{"line":661,"column":21587}},"71":{"start":{"line":667,"column":4},"end":{"line":667,"column":21789}},"72":{"start":{"line":674,"column":4},"end":{"line":674,"column":21924}},"73":{"start":{"line":682,"column":4},"end":{"line":682,"column":22223}},"74":{"start":{"line":683,"column":6},"end":{"line":683,"column":22278}},"75":{"start":{"line":692,"column":4},"end":{"line":692,"column":22529}},"76":{"start":{"line":693,"column":6},"end":{"line":693,"column":53}},"77":{"start":{"line":694,"column":6},"end":{"line":694,"column":22614}},"78":{"start":{"line":701,"column":6},"end":{"line":701,"column":12}},"79":{"start":{"line":705,"column":4},"end":{"line":705,"column":44}},"80":{"start":{"line":708,"column":4},"end":{"line":708,"column":77}},"81":{"start":{"line":710,"column":4},"end":{"line":710,"column":23039}},"82":{"start":{"line":730,"column":4},"end":{"line":730,"column":51}},"83":{"start":{"line":733,"column":4},"end":{"line":733,"column":61}},"84":{"start":{"line":736,"column":4},"end":{"line":736,"column":23916}},"85":{"start":{"line":737,"column":6},"end":{"line":737,"column":27}},"86":{"start":{"line":738,"column":6},"end":{"line":738,"column":17}},"87":{"start":{"line":740,"column":6},"end":{"line":740,"column":18}},"88":{"start":{"line":749,"column":4},"end":{"line":749,"column":12}}},"branchMap":{"1":{"line":136,"type":"if","locations":[{"start":{"line":136,"column":4},"end":{"line":136,"column":4}},{"start":{"line":136,"column":4},"end":{"line":136,"column":4}}]},"2":{"line":144,"type":"if","locations":[{"start":{"line":144,"column":4},"end":{"line":144,"column":4}},{"start":{"line":144,"column":4},"end":{"line":144,"column":4}}]},"3":{"line":193,"type":"if","locations":[{"start":{"line":193,"column":4},"end":{"line":193,"column":4}},{"start":{"line":193,"column":4},"end":{"line":193,"column":4}}]},"4":{"line":207,"type":"if","locations":[{"start":{"line":207,"column":4},"end":{"line":207,"column":4}},{"start":{"line":207,"column":4},"end":{"line":207,"column":4}}]},"5":{"line":217,"type":"if","locations":[{"start":{"line":217,"column":4},"end":{"line":217,"column":4}},{"start":{"line":217,"column":4},"end":{"line":217,"column":4}}]},"6":{"line":341,"type":"if","locations":[{"start":{"line":341,"column":4},"end":{"line":341,"column":4}},{"start":{"line":341,"column":4},"end":{"line":341,"column":4}}]},"7":{"line":382,"type":"if","locations":[{"start":{"line":382,"column":4},"end":{"line":382,"column":4}},{"start":{"line":382,"column":4},"end":{"line":382,"column":4}}]},"8":{"line":388,"type":"if","locations":[{"start":{"line":388,"column":4},"end":{"line":388,"column":4}},{"start":{"line":388,"column":4},"end":{"line":388,"column":4}}]},"9":{"line":429,"type":"if","locations":[{"start":{"line":429,"column":4},"end":{"line":429,"column":4}},{"start":{"line":429,"column":4},"end":{"line":429,"column":4}}]},"10":{"line":533,"type":"if","locations":[{"start":{"line":533,"column":4},"end":{"line":533,"column":4}},{"start":{"line":533,"column":4},"end":{"line":533,"column":4}}]},"11":{"line":554,"type":"if","locations":[{"start":{"line":554,"column":4},"end":{"line":554,"column":4}},{"start":{"line":554,"column":4},"end":{"line":554,"column":4}}]},"12":{"line":599,"type":"if","locations":[{"start":{"line":599,"column":4},"end":{"line":599,"column":4}},{"start":{"line":599,"column":4},"end":{"line":599,"column":4}}]},"13":{"line":637,"type":"if","locations":[{"start":{"line":637,"column":4},"end":{"line":637,"column":4}},{"start":{"line":637,"column":4},"end":{"line":637,"column":4}}]},"14":{"line":661,"type":"if","locations":[{"start":{"line":661,"column":4},"end":{"line":661,"column":4}},{"start":{"line":661,"column":4},"end":{"line":661,"column":4}}]},"15":{"line":674,"type":"if","locations":[{"start":{"line":674,"column":4},"end":{"line":674,"column":4}},{"start":{"line":674,"column":4},"end":{"line":674,"column":4}}]},"16":{"line":682,"type":"if","locations":[{"start":{"line":682,"column":4},"end":{"line":682,"column":4}},{"start":{"line":682,"column":4},"end":{"line":682,"column":4}}]},"17":{"line":692,"type":"if","locations":[{"start":{"line":692,"column":4},"end":{"line":692,"column":4}},{"start":{"line":692,"column":4},"end":{"line":692,"column":4}}]},"18":{"line":736,"type":"if","locations":[{"start":{"line":736,"column":4},"end":{"line":736,"column":4}},{"start":{"line":736,"column":4},"end":{"line":736,"column":4}}]}}},
"contracts/providers/aave-protocol/IAaveLendingPool.sol":{"l":{},"path":"/Users/mikhail/Coding/jucifi/contracts/providers/aave-protocol/IAaveLendingPool.sol","s":{},"b":{},"f":{},"fnMap":{},"statementMap":{},"branchMap":{}},
"contracts/providers/aave-protocol/ILendingPoolCore.sol":{"l":{},"path":"/Users/mikhail/Coding/jucifi/contracts/providers/aave-protocol/ILendingPoolCore.sol","s":{},"b":{},"f":{},"fnMap":{},"statementMap":{},"branchMap":{}},
"contracts/providers/AaveProvider.sol":{"l":{"21":15,"25":10,"31":5,"32":5,"33":5,"41":3,"47":3,"50":3,"53":3,"67":0,"68":0,"71":0,"72":0,"77":0,"81":26,"128":21,"139":0,"149":0},"path":"/Users/mikhail/Coding/jucifi/contracts/providers/AaveProvider.sol","s":{"1":15,"2":10,"3":5,"4":5,"5":5,"6":3,"7":3,"8":3,"9":3,"10":0,"11":0,"12":0,"13":0,"14":0,"15":26,"16":21,"17":0,"18":0},"b":{"1":[3,0],"2":[0,0],"3":[0,0]},"f":{"1":15,"2":10,"3":5,"4":3,"5":0,"6":0,"7":26,"8":0,"9":21,"10":0,"11":0},"fnMap":{"1":{"name":"constructor","line":20,"loc":{"start":{"line":20,"column":2},"end":{"line":22,"column":2}}},"2":{"name":"addReserve","line":24,"loc":{"start":{"line":24,"column":2},"end":{"line":26,"column":2}}},"3":{"name":"deposit","line":29,"loc":{"start":{"line":29,"column":2},"end":{"line":34,"column":2}}},"4":{"name":"redeemUnderlying","line":36,"loc":{"start":{"line":36,"column":2},"end":{"line":54,"column":2}}},"5":{"name":"transferToUser","line":62,"loc":{"start":{"line":62,"column":2},"end":{"line":74,"column":2}}},"6":{"name":"getReserves","line":76,"loc":{"start":{"line":76,"column":2},"end":{"line":78,"column":2}}},"7":{"name":"getLendingPool","line":80,"loc":{"start":{"line":80,"column":2},"end":{"line":82,"column":2}}},"8":{"name":"getReserveData","line":88,"loc":{"start":{"line":88,"column":2},"end":{"line":120,"column":2}}},"9":{"name":"getReserveLiquidityRate","line":122,"loc":{"start":{"line":122,"column":2},"end":{"line":131,"column":2}}},"10":{"name":"getReserveBorrowRate","line":133,"loc":{"start":{"line":133,"column":2},"end":{"line":141,"column":2}}},"11":{"name":"getReserveManagerForApprove","line":143,"loc":{"start":{"line":143,"column":2},"end":{"line":150,"column":2}}}},"statementMap":{"1":{"start":{"line":21,"column":4},"end":{"line":21,"column":43}},"2":{"start":{"line":25,"column":4},"end":{"line":25,"column":45}},"3":{"start":{"line":31,"column":4},"end":{"line":31,"column":55}},"4":{"start":{"line":32,"column":4},"end":{"line":32,"column":49}},"5":{"start":{"line":33,"column":4},"end":{"line":33,"column":35}},"6":{"start":{"line":41,"column":4},"end":{"line":41,"column":1162}},"7":{"start":{"line":47,"column":4},"end":{"line":47,"column":36}},"8":{"start":{"line":50,"column":4},"end":{"line":50,"column":47}},"9":{"start":{"line":53,"column":4},"end":{"line":53,"column":51}},"10":{"start":{"line":67,"column":4},"end":{"line":67,"column":1985}},"11":{"start":{"line":68,"column":6},"end":{"line":68,"column":49}},"12":{"start":{"line":71,"column":6},"end":{"line":71,"column":64}},"13":{"start":{"line":72,"column":6},"end":{"line":72,"column":46}},"14":{"start":{"line":77,"column":4},"end":{"line":77,"column":41}},"15":{"start":{"line":81,"column":4},"end":{"line":81,"column":47}},"16":{"start":{"line":128,"column":4},"end":{"line":128,"column":3620}},"17":{"start":{"line":139,"column":4},"end":{"line":139,"column":3903}},"18":{"start":{"line":149,"column":4},"end":{"line":149,"column":36}}},"branchMap":{"1":{"line":41,"type":"if","locations":[{"start":{"line":41,"column":4},"end":{"line":41,"column":4}},{"start":{"line":41,"column":4},"end":{"line":41,"column":4}}]},"2":{"line":67,"type":"if","locations":[{"start":{"line":67,"column":4},"end":{"line":67,"column":4}},{"start":{"line":67,"column":4},"end":{"line":67,"column":4}}]},"3":{"line":72,"type":"if","locations":[{"start":{"line":72,"column":6},"end":{"line":72,"column":6}},{"start":{"line":72,"column":6},"end":{"line":72,"column":6}}]}}},
"contracts/providers/AbstractProvider.sol":{"l":{"17":5,"18":5,"27":3,"29":3,"30":3,"39":25},"path":"/Users/mikhail/Coding/jucifi/contracts/providers/AbstractProvider.sol","s":{"1":5,"2":5,"3":3,"4":3,"5":3,"6":25},"b":{"1":[3,0]},"f":{"1":5,"2":3,"3":25},"fnMap":{"1":{"name":"deposit","line":11,"loc":{"start":{"line":11,"column":2},"end":{"line":19,"column":2}}},"2":{"name":"redeemUnderlying","line":21,"loc":{"start":{"line":21,"column":2},"end":{"line":31,"column":2}}},"3":{"name":"getAvaibleLiquidity","line":33,"loc":{"start":{"line":33,"column":2},"end":{"line":40,"column":2}}}},"statementMap":{"1":{"start":{"line":17,"column":4},"end":{"line":17,"column":38}},"2":{"start":{"line":18,"column":4},"end":{"line":18,"column":42}},"3":{"start":{"line":27,"column":4},"end":{"line":27,"column":93}},"4":{"start":{"line":29,"column":4},"end":{"line":29,"column":38}},"5":{"start":{"line":30,"column":4},"end":{"line":30,"column":42}},"6":{"start":{"line":39,"column":4},"end":{"line":39,"column":39}}},"branchMap":{"1":{"line":27,"type":"if","locations":[{"start":{"line":27,"column":4},"end":{"line":27,"column":4}},{"start":{"line":27,"column":4},"end":{"line":27,"column":4}}]}}},
"contracts/repositories/AddressRepository.sol":{"l":{"18":5,"22":5,"26":5,"30":5,"34":12,"38":14,"42":5,"46":7},"path":"/Users/mikhail/Coding/jucifi/contracts/repositories/AddressRepository.sol","s":{"1":5,"2":5,"3":5,"4":5,"5":12,"6":14,"7":5,"8":7},"b":{},"f":{"1":5,"2":5,"3":5,"4":5,"5":12,"6":14,"7":5,"8":7},"fnMap":{"1":{"name":"getPoolService","line":17,"loc":{"start":{"line":17,"column":2},"end":{"line":19,"column":2}}},"2":{"name":"setPoolService","line":21,"loc":{"start":{"line":21,"column":2},"end":{"line":23,"column":2}}},"3":{"name":"getReserveRepository","line":25,"loc":{"start":{"line":25,"column":2},"end":{"line":27,"column":2}}},"4":{"name":"setReserveRepository","line":29,"loc":{"start":{"line":29,"column":2},"end":{"line":31,"column":2}}},"5":{"name":"getProviderRepository","line":33,"loc":{"start":{"line":33,"column":2},"end":{"line":35,"column":2}}},"6":{"name":"setProviderRepository","line":37,"loc":{"start":{"line":37,"column":2},"end":{"line":39,"column":2}}},"7":{"name":"getProviderService","line":41,"loc":{"start":{"line":41,"column":2},"end":{"line":43,"column":2}}},"8":{"name":"setProviderService","line":45,"loc":{"start":{"line":45,"column":2},"end":{"line":47,"column":2}}}},"statementMap":{"1":{"start":{"line":18,"column":4},"end":{"line":18,"column":35}},"2":{"start":{"line":22,"column":4},"end":{"line":22,"column":38}},"3":{"start":{"line":26,"column":4},"end":{"line":26,"column":41}},"4":{"start":{"line":30,"column":4},"end":{"line":30,"column":44}},"5":{"start":{"line":34,"column":4},"end":{"line":34,"column":42}},"6":{"start":{"line":38,"column":4},"end":{"line":38,"column":45}},"7":{"start":{"line":42,"column":4},"end":{"line":42,"column":39}},"8":{"start":{"line":46,"column":4},"end":{"line":46,"column":42}}},"branchMap":{}},
"contracts/repositories/ProviderRepository.sol":{"l":{"23":7,"27":6,"36":22,"40":20,"41":20,"43":20,"59":6,"67":42,"71":42,"75":32,"79":1},"path":"/Users/mikhail/Coding/jucifi/contracts/repositories/ProviderRepository.sol","s":{"1":7,"2":22,"3":20,"4":20,"5":20,"6":6,"7":42,"8":42,"9":32,"10":1},"b":{"1":[6,1],"2":[20,2],"3":[42,0]},"f":{"1":7,"2":22,"3":6,"4":42,"5":32,"6":1},"fnMap":{"1":{"name":"providerHasExist","line":22,"loc":{"start":{"line":22,"column":2},"end":{"line":28,"column":2}}},"2":{"name":"addProvider","line":35,"loc":{"start":{"line":35,"column":2},"end":{"line":44,"column":2}}},"3":{"name":"getProviderByAddressOrFail","line":56,"loc":{"start":{"line":53,"column":2},"end":{"line":60,"column":2}}},"4":{"name":"getProviderByIndex","line":62,"loc":{"start":{"line":62,"column":2},"end":{"line":72,"column":2}}},"5":{"name":"getProvidersQty","line":74,"loc":{"start":{"line":74,"column":2},"end":{"line":76,"column":2}}},"6":{"name":"getProvidesList","line":78,"loc":{"start":{"line":78,"column":2},"end":{"line":80,"column":2}}}},"statementMap":{"1":{"start":{"line":23,"column":4},"end":{"line":23,"column":760}},"2":{"start":{"line":36,"column":4},"end":{"line":36,"column":1141}},"3":{"start":{"line":40,"column":4},"end":{"line":40,"column":36}},"4":{"start":{"line":41,"column":4},"end":{"line":41,"column":31}},"5":{"start":{"line":43,"column":4},"end":{"line":43,"column":47}},"6":{"start":{"line":59,"column":4},"end":{"line":59,"column":51}},"7":{"start":{"line":67,"column":4},"end":{"line":67,"column":1899}},"8":{"start":{"line":71,"column":4},"end":{"line":71,"column":50}},"9":{"start":{"line":75,"column":4},"end":{"line":75,"column":31}},"10":{"start":{"line":79,"column":4},"end":{"line":79,"column":24}}},"branchMap":{"1":{"line":23,"type":"if","locations":[{"start":{"line":23,"column":4},"end":{"line":23,"column":4}},{"start":{"line":23,"column":4},"end":{"line":23,"column":4}}]},"2":{"line":36,"type":"if","locations":[{"start":{"line":36,"column":4},"end":{"line":36,"column":4}},{"start":{"line":36,"column":4},"end":{"line":36,"column":4}}]},"3":{"line":67,"type":"if","locations":[{"start":{"line":67,"column":4},"end":{"line":67,"column":4}},{"start":{"line":67,"column":4},"end":{"line":67,"column":4}}]}}},
"contracts/repositories/ReserveRepository.sol":{"l":{"18":7,"22":7,"28":7,"36":7,"42":7,"46":5,"50":5,"54":0,"58":5},"path":"/Users/mikhail/Coding/jucifi/contracts/repositories/ReserveRepository.sol","s":{"1":7,"2":7,"3":7,"4":7,"5":7,"6":5,"7":5,"8":0,"9":5},"b":{},"f":{"1":7,"2":7,"3":7,"4":7,"5":7,"6":5,"7":5,"8":0,"9":5},"fnMap":{"1":{"name":"isReserveActive","line":17,"loc":{"start":{"line":17,"column":2},"end":{"line":19,"column":2}}},"2":{"name":"getTotalLiquidity","line":21,"loc":{"start":{"line":21,"column":2},"end":{"line":23,"column":2}}},"3":{"name":"setTotalLiquidity","line":25,"loc":{"start":{"line":25,"column":2},"end":{"line":29,"column":2}}},"4":{"name":"getAvailableLiquidity","line":31,"loc":{"start":{"line":31,"column":2},"end":{"line":37,"column":2}}},"5":{"name":"setAvailableLiquidity","line":39,"loc":{"start":{"line":39,"column":2},"end":{"line":43,"column":2}}},"6":{"name":"setTokenContract","line":45,"loc":{"start":{"line":45,"column":2},"end":{"line":47,"column":2}}},"7":{"name":"getVTokenContract","line":49,"loc":{"start":{"line":49,"column":2},"end":{"line":51,"column":2}}},"8":{"name":"isActive","line":53,"loc":{"start":{"line":53,"column":2},"end":{"line":55,"column":2}}},"9":{"name":"setActive","line":57,"loc":{"start":{"line":57,"column":2},"end":{"line":59,"column":2}}}},"statementMap":{"1":{"start":{"line":18,"column":4},"end":{"line":18,"column":38}},"2":{"start":{"line":22,"column":4},"end":{"line":22,"column":44}},"3":{"start":{"line":28,"column":4},"end":{"line":28,"column":54}},"4":{"start":{"line":36,"column":4},"end":{"line":36,"column":48}},"5":{"start":{"line":42,"column":4},"end":{"line":42,"column":62}},"6":{"start":{"line":46,"column":6},"end":{"line":46,"column":57}},"7":{"start":{"line":50,"column":4},"end":{"line":50,"column":52}},"8":{"start":{"line":54,"column":6},"end":{"line":54,"column":40}},"9":{"start":{"line":58,"column":6},"end":{"line":58,"column":42}}},"branchMap":{}},
"contracts/services/PoolService.sol":{"l":{"44":5,"45":5,"46":5,"47":5,"52":7,"56":7,"63":5,"64":5,"73":7,"74":7,"83":5,"86":5,"91":5,"94":5,"96":5,"99":5,"103":5,"104":5,"106":5,"107":5,"115":2,"122":2,"123":2,"124":3,"128":3,"131":3,"134":3,"137":3,"140":2,"143":2,"147":2,"148":2,"150":2,"157":7,"172":5,"173":5,"178":5,"180":0,"185":0,"187":0,"189":0,"190":0},"path":"/Users/mikhail/Coding/jucifi/contracts/services/PoolService.sol","s":{"1":5,"2":5,"3":5,"4":5,"5":7,"6":5,"7":5,"8":7,"9":5,"10":5,"11":5,"12":5,"13":5,"14":5,"15":5,"16":5,"17":5,"18":5,"19":2,"20":2,"21":2,"22":3,"23":3,"24":3,"25":3,"26":3,"27":2,"28":2,"29":2,"30":2,"31":2,"32":7,"33":5,"34":5,"35":5,"36":0,"37":0,"38":0,"39":0,"40":0},"b":{"1":[7,0],"2":[2,0],"3":[7,0],"4":[5,0],"5":[5,0],"6":[0,0],"7":[0,0],"8":[0,0]},"f":{"1":5,"2":7,"3":5,"4":7,"5":5,"6":2,"7":7,"8":5},"fnMap":{"1":{"name":"constructor","line":42,"loc":{"start":{"line":42,"column":2},"end":{"line":49,"column":2}}},"2":{"name":"activeReserveOnly","line":51,"loc":{"start":{"line":51,"column":2},"end":{"line":57,"column":2}}},"3":{"name":"addReserve","line":61,"loc":{"start":{"line":59,"column":2},"end":{"line":65,"column":2}}},"4":{"name":"onlyAmountGreaterThanZero","line":72,"loc":{"start":{"line":72,"column":2},"end":{"line":75,"column":2}}},"5":{"name":"deposit","line":81,"loc":{"start":{"line":77,"column":2},"end":{"line":108,"column":2}}},"6":{"name":"redeemUnderlying","line":114,"loc":{"start":{"line":110,"column":2},"end":{"line":151,"column":2}}},"7":{"name":"requireAmountGreaterThanZeroInternal","line":156,"loc":{"start":{"line":156,"column":2},"end":{"line":158,"column":2}}},"8":{"name":"transferToReserve","line":166,"loc":{"start":{"line":166,"column":2},"end":{"line":193,"column":2}}}},"statementMap":{"1":{"start":{"line":44,"column":4},"end":{"line":44,"column":60}},"2":{"start":{"line":45,"column":4},"end":{"line":45,"column":76}},"3":{"start":{"line":46,"column":4},"end":{"line":46,"column":85}},"4":{"start":{"line":47,"column":4},"end":{"line":47,"column":82}},"5":{"start":{"line":52,"column":4},"end":{"line":52,"column":1629}},"6":{"start":{"line":63,"column":4},"end":{"line":63,"column":63}},"7":{"start":{"line":64,"column":4},"end":{"line":64,"column":46}},"8":{"start":{"line":73,"column":4},"end":{"line":73,"column":48}},"9":{"start":{"line":83,"column":4},"end":{"line":83,"column":2459}},"10":{"start":{"line":86,"column":4},"end":{"line":86,"column":2513}},"11":{"start":{"line":91,"column":4},"end":{"line":91,"column":68}},"12":{"start":{"line":94,"column":4},"end":{"line":94,"column":38}},"13":{"start":{"line":96,"column":4},"end":{"line":96,"column":2826}},"14":{"start":{"line":99,"column":4},"end":{"line":99,"column":2948}},"15":{"start":{"line":103,"column":4},"end":{"line":103,"column":71}},"16":{"start":{"line":104,"column":4},"end":{"line":104,"column":79}},"17":{"start":{"line":106,"column":4},"end":{"line":106,"column":64}},"18":{"start":{"line":107,"column":4},"end":{"line":107,"column":43}},"19":{"start":{"line":115,"column":4},"end":{"line":115,"column":3502}},"20":{"start":{"line":122,"column":4},"end":{"line":122,"column":33}},"21":{"start":{"line":123,"column":4},"end":{"line":123,"column":3749}},"22":{"start":{"line":124,"column":6},"end":{"line":124,"column":3830}},"23":{"start":{"line":128,"column":6},"end":{"line":128,"column":3995}},"24":{"start":{"line":131,"column":6},"end":{"line":131,"column":67}},"25":{"start":{"line":134,"column":6},"end":{"line":134,"column":60}},"26":{"start":{"line":137,"column":6},"end":{"line":137,"column":47}},"27":{"start":{"line":140,"column":4},"end":{"line":140,"column":4332}},"28":{"start":{"line":143,"column":4},"end":{"line":143,"column":4454}},"29":{"start":{"line":147,"column":4},"end":{"line":147,"column":71}},"30":{"start":{"line":148,"column":4},"end":{"line":148,"column":79}},"31":{"start":{"line":150,"column":4},"end":{"line":150,"column":76}},"32":{"start":{"line":157,"column":4},"end":{"line":157,"column":62}},"33":{"start":{"line":172,"column":4},"end":{"line":172,"column":5484}},"34":{"start":{"line":173,"column":6},"end":{"line":173,"column":5538}},"35":{"start":{"line":178,"column":6},"end":{"line":178,"column":58}},"36":{"start":{"line":180,"column":6},"end":{"line":180,"column":5728}},"37":{"start":{"line":185,"column":6},"end":{"line":185,"column":5853}},"38":{"start":{"line":187,"column":8},"end":{"line":187,"column":53}},"39":{"start":{"line":189,"column":8},"end":{"line":189,"column":71}},"40":{"start":{"line":190,"column":8},"end":{"line":190,"column":54}}},"branchMap":{"1":{"line":52,"type":"if","locations":[{"start":{"line":52,"column":4},"end":{"line":52,"column":4}},{"start":{"line":52,"column":4},"end":{"line":52,"column":4}}]},"2":{"line":115,"type":"if","locations":[{"start":{"line":115,"column":4},"end":{"line":115,"column":4}},{"start":{"line":115,"column":4},"end":{"line":115,"column":4}}]},"3":{"line":157,"type":"if","locations":[{"start":{"line":157,"column":4},"end":{"line":157,"column":4}},{"start":{"line":157,"column":4},"end":{"line":157,"column":4}}]},"4":{"line":172,"type":"if","locations":[{"start":{"line":172,"column":4},"end":{"line":172,"column":4}},{"start":{"line":172,"column":4},"end":{"line":172,"column":4}}]},"5":{"line":173,"type":"if","locations":[{"start":{"line":173,"column":6},"end":{"line":173,"column":6}},{"start":{"line":173,"column":6},"end":{"line":173,"column":6}}]},"6":{"line":180,"type":"if","locations":[{"start":{"line":180,"column":6},"end":{"line":180,"column":6}},{"start":{"line":180,"column":6},"end":{"line":180,"column":6}}]},"7":{"line":185,"type":"if","locations":[{"start":{"line":185,"column":6},"end":{"line":185,"column":6}},{"start":{"line":185,"column":6},"end":{"line":185,"column":6}}]},"8":{"line":190,"type":"if","locations":[{"start":{"line":190,"column":8},"end":{"line":190,"column":8}},{"start":{"line":190,"column":8},"end":{"line":190,"column":8}}]}}},
"contracts/services/ProviderService.sol":{"l":{"19":16,"23":16,"27":7,"30":7,"41":7,"42":7,"43":7,"45":7,"46":14,"47":14,"50":14,"51":10,"52":10,"55":7,"64":3,"65":3,"67":3,"68":3,"70":3,"71":6,"72":6,"77":6,"79":5,"84":5,"85":3,"86":3,"87":3,"92":3,"101":6,"102":6,"103":6,"104":12,"108":6},"path":"/Users/mikhail/Coding/jucifi/contracts/services/ProviderService.sol","s":{"1":16,"2":7,"3":7,"4":7,"5":7,"6":7,"7":7,"8":14,"9":14,"10":14,"11":10,"12":10,"13":7,"14":3,"15":3,"16":3,"17":3,"18":3,"19":6,"20":6,"21":6,"22":5,"23":5,"24":3,"25":3,"26":3,"27":3,"28":6,"29":6,"30":6,"31":12,"32":6},"b":{"1":[16,0],"2":[10,4],"3":[5,1],"4":[3,2]},"f":{"1":16,"2":7,"3":7,"4":3,"5":6},"fnMap":{"1":{"name":"providersListIsNotEmpy","line":18,"loc":{"start":{"line":18,"column":2},"end":{"line":24,"column":2}}},"2":{"name":"constructor","line":26,"loc":{"start":{"line":26,"column":2},"end":{"line":33,"column":2}}},"3":{"name":"getProviderWithHighestLiquidityRate","line":38,"loc":{"start":{"line":35,"column":2},"end":{"line":56,"column":2}}},"4":{"name":"getProviderWithLowestLiquidityRate","line":61,"loc":{"start":{"line":58,"column":2},"end":{"line":93,"column":2}}},"5":{"name":"getTotalAvaibleLiquidity","line":98,"loc":{"start":{"line":95,"column":2},"end":{"line":109,"column":2}}}},"statementMap":{"1":{"start":{"line":19,"column":4},"end":{"line":19,"column":532}},"2":{"start":{"line":27,"column":4},"end":{"line":27,"column":720}},"3":{"start":{"line":30,"column":4},"end":{"line":30,"column":818}},"4":{"start":{"line":41,"column":4},"end":{"line":41,"column":67}},"5":{"start":{"line":42,"column":4},"end":{"line":42,"column":70}},"6":{"start":{"line":43,"column":4},"end":{"line":43,"column":29}},"7":{"start":{"line":45,"column":4},"end":{"line":45,"column":1243}},"8":{"start":{"line":46,"column":6},"end":{"line":46,"column":77}},"9":{"start":{"line":47,"column":6},"end":{"line":47,"column":1380}},"10":{"start":{"line":50,"column":6},"end":{"line":50,"column":1482}},"11":{"start":{"line":51,"column":8},"end":{"line":51,"column":27}},"12":{"start":{"line":52,"column":8},"end":{"line":52,"column":39}},"13":{"start":{"line":55,"column":4},"end":{"line":55,"column":26}},"14":{"start":{"line":64,"column":4},"end":{"line":64,"column":67}},"15":{"start":{"line":65,"column":4},"end":{"line":65,"column":72}},"16":{"start":{"line":67,"column":4},"end":{"line":67,"column":39}},"17":{"start":{"line":68,"column":4},"end":{"line":68,"column":25}},"18":{"start":{"line":70,"column":4},"end":{"line":70,"column":2047}},"19":{"start":{"line":71,"column":6},"end":{"line":71,"column":77}},"20":{"start":{"line":72,"column":6},"end":{"line":72,"column":2184}},"21":{"start":{"line":77,"column":6},"end":{"line":77,"column":2319}},"22":{"start":{"line":79,"column":8},"end":{"line":79,"column":2419}},"23":{"start":{"line":84,"column":8},"end":{"line":84,"column":2613}},"24":{"start":{"line":85,"column":10},"end":{"line":85,"column":31}},"25":{"start":{"line":86,"column":10},"end":{"line":86,"column":49}},"26":{"start":{"line":87,"column":10},"end":{"line":87,"column":41}},"27":{"start":{"line":92,"column":4},"end":{"line":92,"column":38}},"28":{"start":{"line":101,"column":4},"end":{"line":101,"column":34}},"29":{"start":{"line":102,"column":4},"end":{"line":102,"column":69}},"30":{"start":{"line":103,"column":4},"end":{"line":103,"column":3088}},"31":{"start":{"line":104,"column":6},"end":{"line":104,"column":3185}},"32":{"start":{"line":108,"column":4},"end":{"line":108,"column":29}}},"branchMap":{"1":{"line":19,"type":"if","locations":[{"start":{"line":19,"column":4},"end":{"line":19,"column":4}},{"start":{"line":19,"column":4},"end":{"line":19,"column":4}}]},"2":{"line":50,"type":"if","locations":[{"start":{"line":50,"column":6},"end":{"line":50,"column":6}},{"start":{"line":50,"column":6},"end":{"line":50,"column":6}}]},"3":{"line":77,"type":"if","locations":[{"start":{"line":77,"column":6},"end":{"line":77,"column":6}},{"start":{"line":77,"column":6},"end":{"line":77,"column":6}}]},"4":{"line":84,"type":"if","locations":[{"start":{"line":84,"column":8},"end":{"line":84,"column":8}},{"start":{"line":84,"column":8},"end":{"line":84,"column":8}}]}}},
"contracts/services/RateService.sol":{"l":{},"path":"/Users/mikhail/Coding/jucifi/contracts/services/RateService.sol","s":{},"b":{},"f":{},"fnMap":{},"statementMap":{},"branchMap":{}},
"contracts/token/VToken.sol":{"l":{"47":5,"51":5,"63":5,"64":5,"69":5,"73":5,"77":0,"85":0,"86":0,"87":0,"88":0,"90":0,"92":0,"93":0,"117":5,"118":0,"122":5,"124":5,"129":2,"130":2,"132":2,"134":2,"135":0,"138":2,"144":2,"148":2,"159":0,"169":4,"179":2},"path":"/Users/mikhail/Coding/jucifi/contracts/token/VToken.sol","s":{"1":5,"2":5,"3":5,"4":5,"5":5,"6":0,"7":0,"8":0,"9":0,"10":0,"11":0,"12":0,"13":0,"14":5,"15":0,"16":5,"17":5,"18":2,"19":2,"20":2,"21":2,"22":0,"23":2,"24":2,"25":2,"26":0,"27":4,"28":2},"b":{"1":[5,0],"2":[0,0],"3":[0,5],"4":[2,0],"5":[0,2],"6":[2,0]},"f":{"1":5,"2":5,"3":5,"4":0,"5":0,"6":5,"7":2,"8":0,"9":4,"10":2},"fnMap":{"1":{"name":"poolOnly","line":46,"loc":{"start":{"line":46,"column":2},"end":{"line":52,"column":2}}},"2":{"name":"constructor","line":61,"loc":{"start":{"line":54,"column":2},"end":{"line":70,"column":2}}},"3":{"name":"isInTheQueue","line":72,"loc":{"start":{"line":72,"column":2},"end":{"line":74,"column":2}}},"4":{"name":"addBalanceHolder","line":76,"loc":{"start":{"line":76,"column":2},"end":{"line":94,"column":2}}},"5":{"name":"updateQueueAssetsUsage","line":96,"loc":{"start":{"line":96,"column":2},"end":{"line":96,"column":61}}},"6":{"name":"mintOnDeposit","line":106,"loc":{"start":{"line":106,"column":2},"end":{"line":126,"column":2}}},"7":{"name":"redeem","line":128,"loc":{"start":{"line":128,"column":2},"end":{"line":156,"column":2}}},"8":{"name":"burnOnRedeem","line":158,"loc":{"start":{"line":158,"column":2},"end":{"line":160,"column":2}}},"9":{"name":"principalBalanceOf","line":168,"loc":{"start":{"line":168,"column":2},"end":{"line":170,"column":2}}},"10":{"name":"balanceOf","line":178,"loc":{"start":{"line":178,"column":2},"end":{"line":180,"column":2}}}},"statementMap":{"1":{"start":{"line":47,"column":4},"end":{"line":47,"column":1085}},"2":{"start":{"line":63,"column":4},"end":{"line":63,"column":69}},"3":{"start":{"line":64,"column":4},"end":{"line":64,"column":64}},"4":{"start":{"line":69,"column":4},"end":{"line":69,"column":44}},"5":{"start":{"line":73,"column":4},"end":{"line":73,"column":53}},"6":{"start":{"line":77,"column":4},"end":{"line":77,"column":2142}},"7":{"start":{"line":85,"column":4},"end":{"line":85,"column":2325}},"8":{"start":{"line":86,"column":6},"end":{"line":86,"column":32}},"9":{"start":{"line":87,"column":6},"end":{"line":87,"column":54}},"10":{"start":{"line":88,"column":6},"end":{"line":88,"column":32}},"11":{"start":{"line":90,"column":6},"end":{"line":90,"column":24}},"12":{"start":{"line":92,"column":4},"end":{"line":92,"column":21}},"13":{"start":{"line":93,"column":4},"end":{"line":93,"column":28}},"14":{"start":{"line":117,"column":4},"end":{"line":117,"column":3499}},"15":{"start":{"line":118,"column":6},"end":{"line":118,"column":40}},"16":{"start":{"line":122,"column":4},"end":{"line":122,"column":27}},"17":{"start":{"line":124,"column":4},"end":{"line":124,"column":47}},"18":{"start":{"line":129,"column":4},"end":{"line":129,"column":67}},"19":{"start":{"line":130,"column":4},"end":{"line":130,"column":36}},"20":{"start":{"line":132,"column":4},"end":{"line":132,"column":50}},"21":{"start":{"line":134,"column":4},"end":{"line":134,"column":4056}},"22":{"start":{"line":135,"column":6},"end":{"line":135,"column":36}},"23":{"start":{"line":138,"column":4},"end":{"line":138,"column":4139}},"24":{"start":{"line":144,"column":4},"end":{"line":144,"column":36}},"25":{"start":{"line":148,"column":4},"end":{"line":148,"column":4457}},"26":{"start":{"line":159,"column":4},"end":{"line":159,"column":27}},"27":{"start":{"line":169,"column":4},"end":{"line":169,"column":33}},"28":{"start":{"line":179,"column":4},"end":{"line":179,"column":33}}},"branchMap":{"1":{"line":47,"type":"if","locations":[{"start":{"line":47,"column":4},"end":{"line":47,"column":4}},{"start":{"line":47,"column":4},"end":{"line":47,"column":4}}]},"2":{"line":85,"type":"if","locations":[{"start":{"line":85,"column":4},"end":{"line":85,"column":4}},{"start":{"line":85,"column":4},"end":{"line":85,"column":4}}]},"3":{"line":117,"type":"if","locations":[{"start":{"line":117,"column":4},"end":{"line":117,"column":4}},{"start":{"line":117,"column":4},"end":{"line":117,"column":4}}]},"4":{"line":129,"type":"if","locations":[{"start":{"line":129,"column":4},"end":{"line":129,"column":4}},{"start":{"line":129,"column":4},"end":{"line":129,"column":4}}]},"5":{"line":134,"type":"if","locations":[{"start":{"line":134,"column":4},"end":{"line":134,"column":4}},{"start":{"line":134,"column":4},"end":{"line":134,"column":4}}]},"6":{"line":138,"type":"if","locations":[{"start":{"line":138,"column":4},"end":{"line":138,"column":4}},{"start":{"line":138,"column":4},"end":{"line":138,"column":4}}]}}}}
