TN:
SF:/Users/mikhail/Coding/jucifi/contracts/core/Pool.sol
FN:19,onlyAmountGreaterThanZero
FN:24,onlyOwner
FN:32,constructor
FN:44,deposit
FN:54,requireAmountGreaterThanZeroInternal
FNF:5
FNH:0
FNDA:0,onlyAmountGreaterThanZero
FNDA:0,onlyOwner
FNDA:0,constructor
FNDA:0,deposit
FNDA:0,requireAmountGreaterThanZeroInternal
DA:20,0
DA:21,0
DA:25,0
DA:29,0
DA:33,0
DA:46,0
DA:47,0
DA:58,0
LF:8
LH:0
BRDA:25,1,0,0
BRDA:25,1,1,0
BRDA:58,2,0,0
BRDA:58,2,1,0
BRF:4
BRH:0
end_of_record
TN:
SF:/Users/mikhail/Coding/jucifi/contracts/core/ProvidersManager.sol
FN:29,providerHasExist
FN:42,setProvider
FN:63,getProviderOrFail
FN:69,getProvidesList
FNF:4
FNH:4
FNDA:2,providerHasExist
FNDA:7,setProvider
FNDA:1,getProviderOrFail
FNDA:1,getProvidesList
DA:30,2
DA:34,1
DA:43,7
DA:47,5
DA:48,5
DA:50,5
DA:66,1
DA:70,1
LF:8
LH:8
BRDA:30,1,0,1
BRDA:30,1,1,1
BRDA:43,2,0,5
BRDA:43,2,1,2
BRF:4
BRH:4
end_of_record
TN:
SF:/Users/mikhail/Coding/jucifi/contracts/helpers/AddressStorage.sol
FN:7,getAddress
FN:11,_setAddress
FNF:2
FNH:0
FNDA:0,getAddress
FNDA:0,_setAddress
DA:8,0
DA:12,0
LF:2
LH:0
BRF:0
BRH:0
end_of_record
TN:
SF:/Users/mikhail/Coding/jucifi/contracts/interfaces/ICore.sol
FNF:0
FNH:0
LF:0
LH:0
BRF:0
BRH:0
end_of_record
TN:
SF:/Users/mikhail/Coding/jucifi/contracts/interfaces/ILendingProvider.sol
FNF:0
FNH:0
LF:0
LH:0
BRF:0
BRH:0
end_of_record
TN:
SF:/Users/mikhail/Coding/jucifi/contracts/libraries/CoreLibrary.sol
FNF:0
FNH:0
LF:0
LH:0
BRF:0
BRH:0
end_of_record
TN:
SF:/Users/mikhail/Coding/jucifi/contracts/mocks/AaveLandingPoolMock.sol
FN:10,addReserve
FN:63,setReserveData
FN:95,setReserveDataAdditional
FN:118,deposit
FN:124,getReserves
FN:128,getReserveData
FNF:6
FNH:5
FNDA:2,addReserve
FNDA:2,setReserveData
FNDA:2,setReserveDataAdditional
FNDA:0,deposit
FNDA:2,getReserves
FNDA:1,getReserveData
DA:39,2
DA:40,2
DA:53,2
DA:82,2
DA:84,2
DA:85,2
DA:86,2
DA:87,2
DA:88,2
DA:89,2
DA:90,2
DA:91,2
DA:92,2
DA:109,2
DA:111,2
DA:112,2
DA:113,2
DA:114,2
DA:115,2
DA:125,2
DA:148,1
DA:149,1
DA:150,1
DA:151,1
DA:153,1
DA:154,1
DA:155,1
DA:156,1
DA:158,1
DA:159,1
DA:160,1
DA:161,1
DA:162,1
LF:33
LH:33
BRF:0
BRH:0
end_of_record
TN:
SF:/Users/mikhail/Coding/jucifi/contracts/providers/aave-protocol/ILendingPool.sol
FNF:0
FNH:0
LF:0
LH:0
BRF:0
BRH:0
end_of_record
TN:
SF:/Users/mikhail/Coding/jucifi/contracts/providers/aave-protocol/ILendingPoolCore.sol
FNF:0
FNH:0
LF:0
LH:0
BRF:0
BRH:0
end_of_record
TN:
SF:/Users/mikhail/Coding/jucifi/contracts/providers/AaveProvider.sol
FN:17,constructor
FN:24,deposit
FN:43,withdraw
FN:45,getReserves
FN:49,getLendingPool
FN:53,getLendingPoolCore
FN:57,getReserveData
FNF:7
FNH:0
FNDA:0,constructor
FNDA:0,deposit
FNDA:0,withdraw
FNDA:0,getReserves
FNDA:0,getLendingPool
FNDA:0,getLendingPoolCore
FNDA:0,getReserveData
DA:20,0
DA:21,0
DA:30,0
DA:34,0
DA:37,0
DA:40,0
DA:46,0
DA:50,0
DA:54,0
DA:77,0
LF:10
LH:0
BRF:0
BRH:0
end_of_record
TN:
SF:/Users/mikhail/Coding/jucifi/contracts/providers/AbstractProvider.sol
FN:11,constructor
FNF:1
FNH:0
FNDA:0,constructor
DA:12,0
LF:1
LH:0
BRF:0
BRH:0
end_of_record
