TN:
SF:/Users/mikhail/Coding/jucifi/contracts/core/Core.sol
FNF:0
FNH:0
LF:0
LH:0
BRF:0
BRH:0
end_of_record
TN:
SF:/Users/mikhail/Coding/jucifi/contracts/core/ILendingProvider.sol
FNF:0
FNH:0
LF:0
LH:0
BRF:0
BRH:0
end_of_record
TN:
SF:/Users/mikhail/Coding/jucifi/contracts/lib/AddressStorage.sol
FN:7,getAddress
FN:13,_setAddress
FNF:2
FNH:2
FNDA:27,getAddress
FNDA:31,_setAddress
DA:8,27
DA:9,27
DA:10,27
DA:14,31
LF:4
LH:4
BRDA:9,1,0,27
BRDA:9,1,1,0
BRF:2
BRH:1
end_of_record
TN:
SF:/Users/mikhail/Coding/jucifi/contracts/lib/ERC20.sol
FN:57,constructor
FN:66,name
FN:74,symbol
FN:91,decimals
FN:98,totalSupply
FN:105,balanceOf
FN:123,transfer
FN:136,allowance
FN:153,approve
FN:175,transferFrom
FN:204,increaseAllowance
FN:231,decreaseAllowance
FN:261,_transfer
FN:288,_mint
FN:309,_burn
FN:335,_approve
FN:354,_setupDecimals
FN:372,_beforeTokenTransfer
FNF:18
FNH:10
FNDA:20,constructor
FNDA:0,name
FNDA:0,symbol
FNDA:0,decimals
FNDA:0,totalSupply
FNDA:8,balanceOf
FNDA:12,transfer
FNDA:0,allowance
FNDA:11,approve
FNDA:10,transferFrom
FNDA:0,increaseAllowance
FNDA:0,decreaseAllowance
FNDA:22,_transfer
FNDA:10,_mint
FNDA:2,_burn
FNDA:21,_approve
FNDA:0,_setupDecimals
FNDA:34,_beforeTokenTransfer
DA:58,20
DA:59,20
DA:60,20
DA:67,0
DA:75,0
DA:92,0
DA:99,0
DA:112,8
DA:129,12
DA:130,12
DA:143,0
DA:159,11
DA:160,11
DA:180,10
DA:181,10
DA:189,10
DA:209,0
DA:214,0
DA:236,0
DA:244,0
DA:266,22
DA:267,22
DA:269,22
DA:271,22
DA:275,22
DA:276,22
DA:289,10
DA:291,10
DA:293,10
DA:294,10
DA:295,10
DA:310,2
DA:312,2
DA:314,2
DA:318,2
DA:319,2
DA:340,21
DA:341,21
DA:343,21
DA:344,21
DA:355,0
LF:41
LH:31
BRDA:266,1,0,22
BRDA:266,1,1,0
BRDA:267,2,0,22
BRDA:267,2,1,0
BRDA:289,3,0,10
BRDA:289,3,1,0
BRDA:310,4,0,2
BRDA:310,4,1,0
BRDA:340,5,0,21
BRDA:340,5,1,0
BRDA:341,6,0,21
BRDA:341,6,1,0
BRF:12
BRH:6
end_of_record
TN:
SF:/Users/mikhail/Coding/jucifi/contracts/lib/EthAddressLib.sol
FN:10,ethAddress
FNF:1
FNH:1
FNDA:5,ethAddress
DA:11,5
LF:1
LH:1
BRF:0
BRH:0
end_of_record
TN:
SF:/Users/mikhail/Coding/jucifi/contracts/lib/IERC20.sol
FNF:0
FNH:0
LF:0
LH:0
BRF:0
BRH:0
end_of_record
TN:
SF:/Users/mikhail/Coding/jucifi/contracts/lib/SafeERC20.sol
FN:21,safeTransfer
FN:25,safeTransferFrom
FN:36,safeApprove
FN:47,safeIncreaseAllowance
FN:52,safeDecreaseAllowance
FN:63,_callOptionalReturn
FNF:6
FNH:3
FNDA:6,safeTransfer
FNDA:10,safeTransferFrom
FNDA:0,safeApprove
FNDA:0,safeIncreaseAllowance
FNDA:0,safeDecreaseAllowance
FNDA:16,_callOptionalReturn
DA:22,6
DA:26,10
DA:41,0
DA:44,0
DA:48,0
DA:49,0
DA:53,0
DA:54,0
DA:68,16
DA:69,16
DA:71,16
LF:11
LH:5
BRDA:41,1,0,0
BRDA:41,1,1,0
BRDA:69,2,0,16
BRDA:69,2,1,0
BRDA:71,3,0,16
BRDA:71,3,1,0
BRF:6
BRH:2
end_of_record
TN:
SF:/Users/mikhail/Coding/jucifi/contracts/lib/WadRayMath.sol
FN:23,ray
FN:26,wad
FN:30,halfRay
FN:34,halfWad
FN:38,wadMul
FN:42,wadDiv
FN:48,rayMul
FN:52,rayDiv
FN:58,rayToWad
FN:64,wadToRay
FN:73,rayPow
FNF:11
FNH:0
FNDA:0,ray
FNDA:0,wad
FNDA:0,halfRay
FNDA:0,halfWad
FNDA:0,wadMul
FNDA:0,wadDiv
FNDA:0,rayMul
FNDA:0,rayDiv
FNDA:0,rayToWad
FNDA:0,wadToRay
FNDA:0,rayPow
DA:24,0
DA:27,0
DA:31,0
DA:35,0
DA:39,0
DA:43,0
DA:45,0
DA:49,0
DA:53,0
DA:55,0
DA:59,0
DA:61,0
DA:65,0
DA:75,0
DA:77,0
DA:78,0
DA:80,0
DA:81,0
LF:18
LH:0
BRDA:80,1,0,0
BRDA:80,1,1,0
BRF:2
BRH:0
end_of_record
TN:
SF:/Users/mikhail/Coding/jucifi/contracts/mocks/AaveLendingPoolMock.sol
FN:67,setMockId
FN:71,deposit
FN:104,redeemUnderlying
FN:131,transferToReserve
FN:158,setReserve
FN:214,addToReserveIfNotExists
FN:220,setReserveData
FN:250,setReserveDataAdditional
FN:271,getReserves
FN:275,getReserveData
FNF:10
FNH:9
FNDA:17,setMockId
FNDA:5,deposit
FNDA:3,redeemUnderlying
FNDA:0,transferToReserve
FNDA:24,setReserve
FNDA:24,addToReserveIfNotExists
FNDA:24,setReserveData
FNDA:24,setReserveDataAdditional
FNDA:2,getReserves
FNDA:22,getReserveData
DA:68,17
DA:89,5
DA:91,5
DA:92,5
DA:94,5
DA:110,3
DA:118,3
DA:119,3
DA:120,3
DA:122,3
DA:136,0
DA:137,0
DA:141,0
DA:143,0
DA:148,0
DA:150,0
DA:152,0
DA:153,0
DA:188,24
DA:189,24
DA:202,24
DA:215,24
DA:216,17
DA:238,24
DA:239,24
DA:240,24
DA:241,24
DA:242,24
DA:243,24
DA:244,24
DA:245,24
DA:246,24
DA:247,24
DA:263,24
DA:264,24
DA:265,24
DA:266,24
DA:267,24
DA:268,24
DA:272,2
DA:295,22
DA:296,22
DA:297,22
DA:298,22
DA:299,22
DA:300,22
DA:301,22
DA:302,22
DA:304,22
DA:305,22
DA:306,22
DA:307,22
DA:308,22
LF:53
LH:45
BRDA:110,1,0,3
BRDA:110,1,1,0
BRDA:136,2,0,0
BRDA:136,2,1,0
BRDA:137,3,0,0
BRDA:137,3,1,0
BRDA:143,4,0,0
BRDA:143,4,1,0
BRDA:148,5,0,0
BRDA:148,5,1,0
BRDA:153,6,0,0
BRDA:153,6,1,0
BRDA:215,7,0,17
BRDA:215,7,1,7
BRF:14
BRH:3
end_of_record
TN:
SF:/Users/mikhail/Coding/jucifi/contracts/mocks/DAIMock.sol
FN:9,constructor
FN:12,mint
FNF:2
FNH:2
FNDA:5,constructor
FNDA:5,mint
DA:13,5
LF:1
LH:1
BRF:0
BRH:0
end_of_record
TN:
SF:/Users/mikhail/Coding/jucifi/contracts/providers/aave-protocol/ATokenMock.sol
FN:135,onlyLendingPool
FN:143,whenTransferAllowed
FN:154,constructor
FN:170,_transfer
FN:180,redirectInterestStream
FN:192,redirectInterestStreamOf
FN:206,allowInterestRedirectionTo
FN:216,redeem
FN:287,mintOnDeposit
FN:318,burnOnLiquidation
FN:364,transferOnLiquidation
FN:376,balanceOf
FN:416,principalBalanceOf
FN:426,totalSupply
FN:446,isTransferAllowed
FN:459,getUserIndex
FN:468,getInterestRedirectionAddress
FN:482,getRedirectedBalance
FN:492,cumulateBalanceInternal
FN:526,updateRedirectedBalanceOfRedirectionAddressInternal
FN:574,calculateCumulatedBalanceInternal
FN:594,executeTransferInternal
FN:658,redirectInterestStreamInternal
FN:725,resetDataOnZeroBalanceInternal
FN:744,coreGetNormalizedIncome
FNF:25
FNH:2
FNDA:0,onlyLendingPool
FNDA:0,whenTransferAllowed
FNDA:10,constructor
FNDA:0,_transfer
FNDA:0,redirectInterestStream
FNDA:0,redirectInterestStreamOf
FNDA:0,allowInterestRedirectionTo
FNDA:3,redeem
FNDA:0,mintOnDeposit
FNDA:0,burnOnLiquidation
FNDA:0,transferOnLiquidation
FNDA:0,balanceOf
FNDA:0,principalBalanceOf
FNDA:0,totalSupply
FNDA:0,isTransferAllowed
FNDA:0,getUserIndex
FNDA:0,getInterestRedirectionAddress
FNDA:0,getRedirectedBalance
FNDA:0,cumulateBalanceInternal
FNDA:0,updateRedirectedBalanceOfRedirectionAddressInternal
FNDA:0,calculateCumulatedBalanceInternal
FNDA:0,executeTransferInternal
FNDA:0,redirectInterestStreamInternal
FNDA:0,resetDataOnZeroBalanceInternal
FNDA:0,coreGetNormalizedIncome
DA:136,0
DA:140,0
DA:144,0
DA:145,0
DA:157,10
DA:159,10
DA:171,0
DA:181,0
DA:193,0
DA:197,0
DA:207,0
DA:208,0
DA:209,0
DA:217,3
DA:227,3
DA:264,3
DA:271,3
DA:290,0
DA:297,0
DA:304,0
DA:306,0
DA:321,0
DA:330,0
DA:337,0
DA:339,0
DA:341,0
DA:342,0
DA:345,0
DA:367,0
DA:378,0
DA:380,0
DA:382,0
DA:383,0
DA:388,0
DA:391,0
DA:401,0
DA:417,0
DA:427,0
DA:429,0
DA:430,0
DA:433,0
DA:451,0
DA:460,0
DA:473,0
DA:483,0
DA:501,0
DA:504,0
DA:506,0
DA:508,0
DA:511,0
DA:531,0
DA:533,0
DA:534,0
DA:538,0
DA:543,0
DA:551,0
DA:554,0
DA:555,0
DA:559,0
DA:579,0
DA:599,0
DA:602,0
DA:610,0
DA:617,0
DA:626,0
DA:633,0
DA:635,0
DA:637,0
DA:638,0
DA:641,0
DA:659,0
DA:661,0
DA:667,0
DA:674,0
DA:682,0
DA:683,0
DA:692,0
DA:693,0
DA:694,0
DA:701,0
DA:705,0
DA:708,0
DA:710,0
DA:730,0
DA:733,0
DA:736,0
DA:737,0
DA:738,0
DA:740,0
DA:749,0
LF:90
LH:6
BRDA:136,1,0,0
BRDA:136,1,1,0
BRDA:144,2,0,0
BRDA:144,2,1,0
BRDA:193,3,0,0
BRDA:193,3,1,0
BRDA:207,4,0,0
BRDA:207,4,1,0
BRDA:217,5,0,3
BRDA:217,5,1,0
BRDA:341,6,0,0
BRDA:341,6,1,0
BRDA:382,7,0,0
BRDA:382,7,1,0
BRDA:388,8,0,0
BRDA:388,8,1,0
BRDA:429,9,0,0
BRDA:429,9,1,0
BRDA:533,10,0,0
BRDA:533,10,1,0
BRDA:554,11,0,0
BRDA:554,11,1,0
BRDA:599,12,0,0
BRDA:599,12,1,0
BRDA:637,13,0,0
BRDA:637,13,1,0
BRDA:661,14,0,0
BRDA:661,14,1,0
BRDA:674,15,0,0
BRDA:674,15,1,0
BRDA:682,16,0,0
BRDA:682,16,1,0
BRDA:692,17,0,0
BRDA:692,17,1,0
BRDA:736,18,0,0
BRDA:736,18,1,0
BRF:36
BRH:1
end_of_record
TN:
SF:/Users/mikhail/Coding/jucifi/contracts/providers/aave-protocol/IAaveLendingPool.sol
FNF:0
FNH:0
LF:0
LH:0
BRF:0
BRH:0
end_of_record
TN:
SF:/Users/mikhail/Coding/jucifi/contracts/providers/aave-protocol/ILendingPoolCore.sol
FNF:0
FNH:0
LF:0
LH:0
BRF:0
BRH:0
end_of_record
TN:
SF:/Users/mikhail/Coding/jucifi/contracts/providers/AaveProvider.sol
FN:20,constructor
FN:24,addReserve
FN:29,deposit
FN:36,redeemUnderlying
FN:62,transferToUser
FN:76,getReserves
FN:80,getLendingPool
FN:88,getReserveData
FN:122,getReserveLiquidityRate
FN:133,getReserveBorrowRate
FN:143,getReserveManagerForApprove
FNF:11
FNH:6
FNDA:15,constructor
FNDA:10,addReserve
FNDA:5,deposit
FNDA:3,redeemUnderlying
FNDA:0,transferToUser
FNDA:0,getReserves
FNDA:26,getLendingPool
FNDA:0,getReserveData
FNDA:21,getReserveLiquidityRate
FNDA:0,getReserveBorrowRate
FNDA:0,getReserveManagerForApprove
DA:21,15
DA:25,10
DA:31,5
DA:32,5
DA:33,5
DA:41,3
DA:47,3
DA:50,3
DA:53,3
DA:67,0
DA:68,0
DA:71,0
DA:72,0
DA:77,0
DA:81,26
DA:128,21
DA:139,0
DA:149,0
LF:18
LH:11
BRDA:41,1,0,3
BRDA:41,1,1,0
BRDA:67,2,0,0
BRDA:67,2,1,0
BRDA:72,3,0,0
BRDA:72,3,1,0
BRF:6
BRH:1
end_of_record
TN:
SF:/Users/mikhail/Coding/jucifi/contracts/providers/AbstractProvider.sol
FN:11,deposit
FN:21,redeemUnderlying
FN:33,getAvaibleLiquidity
FNF:3
FNH:3
FNDA:5,deposit
FNDA:3,redeemUnderlying
FNDA:25,getAvaibleLiquidity
DA:17,5
DA:18,5
DA:27,3
DA:29,3
DA:30,3
DA:39,25
LF:6
LH:6
BRDA:27,1,0,3
BRDA:27,1,1,0
BRF:2
BRH:1
end_of_record
TN:
SF:/Users/mikhail/Coding/jucifi/contracts/repositories/AddressRepository.sol
FN:17,getPoolService
FN:21,setPoolService
FN:25,getReserveRepository
FN:29,setReserveRepository
FN:33,getProviderRepository
FN:37,setProviderRepository
FN:41,getProviderService
FN:45,setProviderService
FNF:8
FNH:8
FNDA:5,getPoolService
FNDA:5,setPoolService
FNDA:5,getReserveRepository
FNDA:5,setReserveRepository
FNDA:12,getProviderRepository
FNDA:14,setProviderRepository
FNDA:5,getProviderService
FNDA:7,setProviderService
DA:18,5
DA:22,5
DA:26,5
DA:30,5
DA:34,12
DA:38,14
DA:42,5
DA:46,7
LF:8
LH:8
BRF:0
BRH:0
end_of_record
TN:
SF:/Users/mikhail/Coding/jucifi/contracts/repositories/ProviderRepository.sol
FN:22,providerHasExist
FN:35,addProvider
FN:56,getProviderByAddressOrFail
FN:62,getProviderByIndex
FN:74,getProvidersQty
FN:78,getProvidesList
FNF:6
FNH:6
FNDA:7,providerHasExist
FNDA:22,addProvider
FNDA:6,getProviderByAddressOrFail
FNDA:42,getProviderByIndex
FNDA:32,getProvidersQty
FNDA:1,getProvidesList
DA:23,7
DA:27,6
DA:36,22
DA:40,20
DA:41,20
DA:43,20
DA:59,6
DA:67,42
DA:71,42
DA:75,32
DA:79,1
LF:11
LH:11
BRDA:23,1,0,6
BRDA:23,1,1,1
BRDA:36,2,0,20
BRDA:36,2,1,2
BRDA:67,3,0,42
BRDA:67,3,1,0
BRF:6
BRH:5
end_of_record
TN:
SF:/Users/mikhail/Coding/jucifi/contracts/repositories/ReserveRepository.sol
FN:17,isReserveActive
FN:21,getTotalLiquidity
FN:25,setTotalLiquidity
FN:31,getAvailableLiquidity
FN:39,setAvailableLiquidity
FN:45,setTokenContract
FN:49,getVTokenContract
FN:53,isActive
FN:57,setActive
FNF:9
FNH:8
FNDA:7,isReserveActive
FNDA:7,getTotalLiquidity
FNDA:7,setTotalLiquidity
FNDA:7,getAvailableLiquidity
FNDA:7,setAvailableLiquidity
FNDA:5,setTokenContract
FNDA:5,getVTokenContract
FNDA:0,isActive
FNDA:5,setActive
DA:18,7
DA:22,7
DA:28,7
DA:36,7
DA:42,7
DA:46,5
DA:50,5
DA:54,0
DA:58,5
LF:9
LH:8
BRF:0
BRH:0
end_of_record
TN:
SF:/Users/mikhail/Coding/jucifi/contracts/services/PoolService.sol
FN:42,constructor
FN:51,activeReserveOnly
FN:61,addReserve
FN:72,onlyAmountGreaterThanZero
FN:81,deposit
FN:114,redeemUnderlying
FN:156,requireAmountGreaterThanZeroInternal
FN:166,transferToReserve
FNF:8
FNH:8
FNDA:5,constructor
FNDA:7,activeReserveOnly
FNDA:5,addReserve
FNDA:7,onlyAmountGreaterThanZero
FNDA:5,deposit
FNDA:2,redeemUnderlying
FNDA:7,requireAmountGreaterThanZeroInternal
FNDA:5,transferToReserve
DA:44,5
DA:45,5
DA:46,5
DA:47,5
DA:52,7
DA:56,7
DA:63,5
DA:64,5
DA:73,7
DA:74,7
DA:83,5
DA:86,5
DA:91,5
DA:94,5
DA:96,5
DA:99,5
DA:103,5
DA:104,5
DA:106,5
DA:107,5
DA:115,2
DA:122,2
DA:123,2
DA:124,3
DA:128,3
DA:131,3
DA:134,3
DA:137,3
DA:140,2
DA:143,2
DA:147,2
DA:148,2
DA:150,2
DA:157,7
DA:172,5
DA:173,5
DA:178,5
DA:180,0
DA:185,0
DA:187,0
DA:189,0
DA:190,0
LF:42
LH:37
BRDA:52,1,0,7
BRDA:52,1,1,0
BRDA:115,2,0,2
BRDA:115,2,1,0
BRDA:157,3,0,7
BRDA:157,3,1,0
BRDA:172,4,0,5
BRDA:172,4,1,0
BRDA:173,5,0,5
BRDA:173,5,1,0
BRDA:180,6,0,0
BRDA:180,6,1,0
BRDA:185,7,0,0
BRDA:185,7,1,0
BRDA:190,8,0,0
BRDA:190,8,1,0
BRF:16
BRH:5
end_of_record
TN:
SF:/Users/mikhail/Coding/jucifi/contracts/services/ProviderService.sol
FN:18,providersListIsNotEmpy
FN:26,constructor
FN:38,getProviderWithHighestLiquidityRate
FN:61,getProviderWithLowestLiquidityRate
FN:98,getTotalAvaibleLiquidity
FNF:5
FNH:5
FNDA:16,providersListIsNotEmpy
FNDA:7,constructor
FNDA:7,getProviderWithHighestLiquidityRate
FNDA:3,getProviderWithLowestLiquidityRate
FNDA:6,getTotalAvaibleLiquidity
DA:19,16
DA:23,16
DA:27,7
DA:30,7
DA:41,7
DA:42,7
DA:43,7
DA:45,7
DA:46,14
DA:47,14
DA:50,14
DA:51,10
DA:52,10
DA:55,7
DA:64,3
DA:65,3
DA:67,3
DA:68,3
DA:70,3
DA:71,6
DA:72,6
DA:77,6
DA:79,5
DA:84,5
DA:85,3
DA:86,3
DA:87,3
DA:92,3
DA:101,6
DA:102,6
DA:103,6
DA:104,12
DA:108,6
LF:33
LH:33
BRDA:19,1,0,16
BRDA:19,1,1,0
BRDA:50,2,0,10
BRDA:50,2,1,4
BRDA:77,3,0,5
BRDA:77,3,1,1
BRDA:84,4,0,3
BRDA:84,4,1,2
BRF:8
BRH:7
end_of_record
TN:
SF:/Users/mikhail/Coding/jucifi/contracts/services/RateService.sol
FNF:0
FNH:0
LF:0
LH:0
BRF:0
BRH:0
end_of_record
TN:
SF:/Users/mikhail/Coding/jucifi/contracts/token/VToken.sol
FN:46,poolOnly
FN:61,constructor
FN:72,isInTheQueue
FN:76,addBalanceHolder
FN:96,updateQueueAssetsUsage
FN:106,mintOnDeposit
FN:128,redeem
FN:158,burnOnRedeem
FN:168,principalBalanceOf
FN:178,balanceOf
FNF:10
FNH:7
FNDA:5,poolOnly
FNDA:5,constructor
FNDA:5,isInTheQueue
FNDA:0,addBalanceHolder
FNDA:0,updateQueueAssetsUsage
FNDA:5,mintOnDeposit
FNDA:2,redeem
FNDA:0,burnOnRedeem
FNDA:4,principalBalanceOf
FNDA:2,balanceOf
DA:47,5
DA:51,5
DA:63,5
DA:64,5
DA:69,5
DA:73,5
DA:77,0
DA:85,0
DA:86,0
DA:87,0
DA:88,0
DA:90,0
DA:92,0
DA:93,0
DA:117,5
DA:118,0
DA:122,5
DA:124,5
DA:129,2
DA:130,2
DA:132,2
DA:134,2
DA:135,0
DA:138,2
DA:144,2
DA:148,2
DA:159,0
DA:169,4
DA:179,2
LF:29
LH:18
BRDA:47,1,0,5
BRDA:47,1,1,0
BRDA:85,2,0,0
BRDA:85,2,1,0
BRDA:117,3,0,0
BRDA:117,3,1,5
BRDA:129,4,0,2
BRDA:129,4,1,0
BRDA:134,5,0,0
BRDA:134,5,1,2
BRDA:138,6,0,2
BRDA:138,6,1,0
BRF:12
BRH:5
end_of_record
